#
# A fatal error has been detected by the Java Runtime Environment:
#
#  EXCEPTION_ACCESS_VIOLATION (0xc0000005) at pc=0x00007ffb6244a500, pid=7972, tid=20024
#
# JRE version: OpenJDK Runtime Environment (21.0.1+12) (build 21.0.1+12-29)
# Java VM: OpenJDK 64-Bit Server VM (21.0.1+12-29, mixed mode, sharing, tiered, compressed oops, compressed class ptrs, g1 gc, windows-amd64)
# Problematic frame:
# C  [pixelgameEngineWrapper3634314817293755871.dll+0x1a500]
#
# No core dump will be written. Minidumps are not enabled by default on client versions of Windows
#
# If you would like to submit a bug report, please visit:
#   https://bugreport.java.com/bugreport/crash.jsp
# The crash happened outside the Java Virtual Machine in native code.
# See problematic frame for where to report the bug.
#

---------------  S U M M A R Y ------------

Command Line: -javaagent:C:\Program Files\JetBrains\IntelliJ IDEA 2021.1.3\lib\idea_rt.jar=65024 -Dfile.encoding=UTF-8 -Dsun.stdout.encoding=UTF-8 -Dsun.stderr.encoding=UTF-8 org.kurodev.Main

Host: AMD Ryzen 7 3800X 8-Core Processor             , 16 cores, 31G,  Windows 10 , 64 bit Build 19041 (10.0.19041.5915)
Time: Tue Jun 24 23:23:56 2025 W. Europe Summer Time elapsed time: 0.208279 seconds (0d 0h 0m 0s)

---------------  T H R E A D  ---------------

Current thread (0x00000265fac71b60):  JavaThread "main"             [_thread_in_native, id=20024, stack(0x000000d43d700000,0x000000d43d800000) (1024K)]

Stack: [0x000000d43d700000,0x000000d43d800000],  sp=0x000000d43d7ff010,  free space=1020k
Native frames: (J=compiled Java code, j=interpreted, Vv=VM code, C=native code)
C  [pixelgameEngineWrapper3634314817293755871.dll+0x1a500]

Java frames: (J=compiled Java code, j=interpreted, Vv=VM code)
j  org.kurodev.jpixelgameengine.PixelGameEngineNativeImpl.construct(IIIIZZZZLorg/kurodev/jpixelgameengine/PixelGameEngineWrapper;)Z+0
j  org.kurodev.jpixelgameengine.PixelGameEngineWrapper.<init>()V+25
j  org.kurodev.jpixelgameengine.PixelGameEngineWrapper.getInstance()Lorg/kurodev/jpixelgameengine/PixelGameEngineWrapper;+10
j  org.kurodev.Main.main([Ljava/lang/String;)V+0
v  ~StubRoutines::call_stub 0x000002658f7d100d

siginfo: EXCEPTION_ACCESS_VIOLATION (0xc0000005), writing address 0x0000000000000001


Registers:
RAX=0x000000000000002d, RBX=0x00007ffb6247689e, RCX=0x000000000000006e, RDX=0x0000000000000001
RSP=0x000000d43d7ff010, RBP=0x000000d43d7ff180, RSI=0x00007ffb6247689e, RDI=0x0000000000006000
R8 =0x0000000000000001, R9 =0x00000265f8af0b78, R10=0x0000000000000000, R11=0x0000000000000000
R12=0x00007ffb624786e0, R13=0x00007ffb6247689f, R14=0x000000d43d7ff08c, R15=0x0000000000000000
RIP=0x00007ffb6244a500, EFLAGS=0x0000000000010293


Register to memory mapping:

RAX=0x000000000000002d is an unknown value
RBX=0x00007ffb6247689e pixelgameEngineWrapper3634314817293755871.dll
RCX=0x000000000000006e is an unknown value
RDX=0x0000000000000001 is an unknown value
RSP=0x000000d43d7ff010 is pointing into the stack for thread: 0x00000265fac71b60
RBP=0x000000d43d7ff180 is pointing into the stack for thread: 0x00000265fac71b60
RSI=0x00007ffb6247689e pixelgameEngineWrapper3634314817293755871.dll
RDI=0x0000000000006000 is an unknown value
R8 =0x0000000000000001 is an unknown value
R9 =0x00000265f8af0b78 points into unknown readable memory: 0x00000000000026dc | dc 26 00 00 00 00 00 00
R10=0x0 is null
R11=0x0 is null
R12=0x00007ffb624786e0 pixelgameEngineWrapper3634314817293755871.dll
R13=0x00007ffb6247689f pixelgameEngineWrapper3634314817293755871.dll
R14=0x000000d43d7ff08c is pointing into the stack for thread: 0x00000265fac71b60
R15=0x0 is null

Top of Stack: (sp=0x000000d43d7ff010)
0x000000d43d7ff010:   00007ffb6247689d 00007ffbaa6afa30
0x000000d43d7ff020:   000000000000002c 0000000000000003
0x000000d43d7ff030:   00000265e5b56ce0 00007ffb6247684a
0x000000d43d7ff040:   00007ffb62476847 00007ffb6247684a
0x000000d43d7ff050:   000000d43d7ff090 00007ffb6246ba31
0x000000d43d7ff060:   00000265e5b56ce0 00007ffb62476847
0x000000d43d7ff070:   00007ffb6247684a 0000000000000000
0x000000d43d7ff080:   00007ffbaa6afa30 ffffffff00006000
0x000000d43d7ff090:   fffffffdffffffff 0000000062440000
0x000000d43d7ff0a0:   0000002d3d7f0000 ffffffff00000000
0x000000d43d7ff0b0:   000000d43d7ff0df 00007ffb62476870
0x000000d43d7ff0c0:   000000d43d7ff168 0000000000000001
0x000000d43d7ff0d0:   000000d43d7ff1d0 0000000000000000
0x000000d43d7ff0e0:   00000265e14096d8 000000d43d7ff310
0x000000d43d7ff0f0:   00000265fac71b60 00007ffb62447fbb
0x000000d43d7ff100:   000000d43d7ff140 00007ffb6244ec4b
0x000000d43d7ff110:   00000265e5b56cb0 00000265fac71f18
0x000000d43d7ff120:   000000d43d7ff168 00007ffb6247685d
0x000000d43d7ff130:   00007ffb62476847 000000d43d7ff168
0x000000d43d7ff140:   00000265f8b34a50 00000265e5b562b0
0x000000d43d7ff150:   0000000000000001 00007ffb62446555
0x000000d43d7ff160:   00000265e5b562b0 0000000000000032
0x000000d43d7ff170:   0000000000000032 0000000000000001
0x000000d43d7ff180:   000000d43d7ff2b0 00007ffb3f366675
0x000000d43d7ff190:   000002658f7f4574 0000018888955549
0x000000d43d7ff1a0:   00000265fac71b60 00000265e1409858
0x000000d43d7ff1b0:   00000200e1409601 00000200fac71b00
0x000000d43d7ff1c0:   0000000000001871 000002658f7dcc7c
0x000000d43d7ff1d0:   00000265e14096d8 00000265e14096d8
0x000000d43d7ff1e0:   0000000000000001 0000000000001871
0x000000d43d7ff1f0:   000000d43d7ff2b0 000002658f7dce0b
0x000000d43d7ff200:   00000265fac71f18 000000d43d7ff2c0 

Instructions: (pc=0x00007ffb6244a500)
0x00007ffb6244a400:   4c 89 eb e9 54 fc ff ff 8b 44 24 78 48 8b 55 00
0x00007ffb6244a410:   48 83 c5 08 83 c8 20 89 44 24 78 a8 04 0f 84 d6
0x00007ffb6244a420:   03 00 00 db 2a 48 8d 4c 24 40 48 8d 54 24 70 db
0x00007ffb6244a430:   7c 24 40 e8 e8 f4 ff ff eb c6 0f b6 46 01 3c 68
0x00007ffb6244a440:   0f 84 c2 05 00 00 4c 89 ee 41 bb 01 00 00 00 41
0x00007ffb6244a450:   ba 04 00 00 00 e9 ed fc ff ff 8b 44 24 78 48 8b
0x00007ffb6244a460:   55 00 48 83 c5 08 83 c8 20 89 44 24 78 a8 04 0f
0x00007ffb6244a470:   84 1a 03 00 00 db 2a 48 8d 4c 24 40 48 8d 54 24
0x00007ffb6244a480:   70 db 7c 24 40 e8 16 f3 ff ff e9 71 ff ff ff 44
0x00007ffb6244a490:   89 f9 4c 89 eb e8 de 41 00 00 48 8d 54 24 70 48
0x00007ffb6244a4a0:   89 c1 e8 99 df ff ff e9 b0 fb ff ff 0f b6 46 01
0x00007ffb6244a4b0:   3c 6c 0f 84 37 05 00 00 4c 89 ee 41 bb 02 00 00
0x00007ffb6244a4c0:   00 41 ba 04 00 00 00 e9 7b fc ff ff 48 8b 55 00
0x00007ffb6244a4d0:   48 63 84 24 94 00 00 00 48 83 c5 08 41 83 fb 05
0x00007ffb6244a4e0:   0f 84 02 05 00 00 41 83 fb 01 0f 84 48 05 00 00
0x00007ffb6244a4f0:   41 83 fb 02 74 0a 41 83 fb 03 0f 84 3d 04 00 00
0x00007ffb6244a500:   89 02 e9 f9 fe ff ff 45 85 d2 0f 85 30 fc ff ff
0x00007ffb6244a510:   83 4c 24 78 40 0f b6 46 01 4c 89 ee e9 26 fc ff
0x00007ffb6244a520:   ff 45 85 d2 0f 85 16 fc ff ff 81 4c 24 78 00 08
0x00007ffb6244a530:   00 00 0f b6 46 01 4c 89 ee e9 09 fc ff ff 8b 44
0x00007ffb6244a540:   24 78 8b 9c 24 94 00 00 00 f6 c4 40 75 09 39 9c
0x00007ffb6244a550:   24 98 00 00 00 7e 15 48 8b 54 24 70 f6 c4 20 0f
0x00007ffb6244a560:   85 bc 04 00 00 48 63 c3 c6 04 02 25 83 c3 01 89
0x00007ffb6244a570:   9c 24 94 00 00 00 4c 89 eb e9 de fa ff ff 45 85
0x00007ffb6244a580:   d2 0f 85 b9 fb ff ff 44 89 54 24 3c 44 89 5c 24
0x00007ffb6244a590:   20 81 4c 24 78 00 10 00 00 48 c7 44 24 60 00 00
0x00007ffb6244a5a0:   00 00 e8 99 40 00 00 48 8d 4c 24 5e 4c 8d 4c 24
0x00007ffb6244a5b0:   60 41 b8 10 00 00 00 48 8b 50 08 e8 d0 36 00 00
0x00007ffb6244a5c0:   44 8b 5c 24 20 44 8b 54 24 3c 85 c0 7e 0d 0f b7
0x00007ffb6244a5d0:   54 24 5e 66 89 94 24 90 00 00 00 89 84 24 8c 00
0x00007ffb6244a5e0:   00 00 0f b6 46 01 4c 89 ee e9 59 fb ff ff 4d 85
0x00007ffb6244a5f0:   f6 74 75 41 f7 c2 fd ff ff ff 0f 85 ca 02 00 00 


Stack slot to memory mapping:

stack at sp + 0 slots: 0x00007ffb6247689d pixelgameEngineWrapper3634314817293755871.dll
stack at sp + 1 slots: 0x00007ffbaa6afa30 msvcrt.dll
stack at sp + 2 slots: 0x000000000000002c is an unknown value
stack at sp + 3 slots: 0x0000000000000003 is an unknown value
stack at sp + 4 slots: 0x00000265e5b56ce0 points into unknown readable memory: 0x00000265e5b56cf0 | f0 6c b5 e5 65 02 00 00
stack at sp + 5 slots: 0x00007ffb6247684a pixelgameEngineWrapper3634314817293755871.dll
stack at sp + 6 slots: 0x00007ffb62476847 pixelgameEngineWrapper3634314817293755871.dll
stack at sp + 7 slots: 0x00007ffb6247684a pixelgameEngineWrapper3634314817293755871.dll


---------------  P R O C E S S  ---------------

Threads class SMR info:
_java_thread_list=0x000002659fea6f00, length=15, elements={
0x00000265fac71b60, 0x000002659fbc4ab0, 0x000002659fbc6780, 0x000002659fbc8550,
0x000002659fbcb250, 0x000002659fbd5cd0, 0x000002659fbd6730, 0x000002659fbe2fa0,
0x000002659fbd82c0, 0x00000265ffcb2d60, 0x000002659fcf7ad0, 0x000002659fda3850,
0x000002659fd5e440, 0x000002659fe4ef30, 0x000002659fe50330
}

Java Threads: ( => current thread )
=>0x00000265fac71b60 JavaThread "main"                              [_thread_in_native, id=20024, stack(0x000000d43d700000,0x000000d43d800000) (1024K)]
  0x000002659fbc4ab0 JavaThread "Reference Handler"          daemon [_thread_blocked, id=17760, stack(0x000000d43df00000,0x000000d43e000000) (1024K)]
  0x000002659fbc6780 JavaThread "Finalizer"                  daemon [_thread_blocked, id=14424, stack(0x000000d43e000000,0x000000d43e100000) (1024K)]
  0x000002659fbc8550 JavaThread "Signal Dispatcher"          daemon [_thread_blocked, id=13772, stack(0x000000d43e100000,0x000000d43e200000) (1024K)]
  0x000002659fbcb250 JavaThread "Attach Listener"            daemon [_thread_in_vm, id=18872, stack(0x000000d43e200000,0x000000d43e300000) (1024K)]
  0x000002659fbd5cd0 JavaThread "Service Thread"             daemon [_thread_blocked, id=20780, stack(0x000000d43e300000,0x000000d43e400000) (1024K)]
  0x000002659fbd6730 JavaThread "Monitor Deflation Thread"   daemon [_thread_blocked, id=20716, stack(0x000000d43e400000,0x000000d43e500000) (1024K)]
  0x000002659fbe2fa0 JavaThread "C2 CompilerThread0"         daemon [_thread_blocked, id=20432, stack(0x000000d43e500000,0x000000d43e600000) (1024K)]
  0x000002659fbd82c0 JavaThread "C1 CompilerThread0"         daemon [_thread_blocked, id=20416, stack(0x000000d43e600000,0x000000d43e700000) (1024K)]
  0x00000265ffcb2d60 JavaThread "Common-Cleaner"             daemon [_thread_blocked, id=21428, stack(0x000000d43e700000,0x000000d43e800000) (1024K)]
  0x000002659fcf7ad0 JavaThread "C1 CompilerThread1"         daemon [_thread_blocked, id=9472, stack(0x000000d43e800000,0x000000d43e900000) (1024K)]
  0x000002659fda3850 JavaThread "Monitor Ctrl-Break"         daemon [_thread_in_native, id=3292, stack(0x000000d43e900000,0x000000d43ea00000) (1024K)]
  0x000002659fd5e440 JavaThread "Notification Thread"        daemon [_thread_blocked, id=9436, stack(0x000000d43ea00000,0x000000d43eb00000) (1024K)]
  0x000002659fe4ef30 JavaThread "C1 CompilerThread2"         daemon [_thread_blocked, id=12020, stack(0x000000d43eb00000,0x000000d43ec00000) (1024K)]
  0x000002659fe50330 JavaThread "C1 CompilerThread3"         daemon [_thread_blocked, id=972, stack(0x000000d43ec00000,0x000000d43ed00000) (1024K)]
Total: 15

Other Threads:
  0x00000265f8b0b7e0 VMThread "VM Thread"                           [id=16532, stack(0x000000d43de00000,0x000000d43df00000) (1024K)]
  0x00000265ffcb1af0 WatcherThread "VM Periodic Task Thread"        [id=3132, stack(0x000000d43dd00000,0x000000d43de00000) (1024K)]
  0x00000265f8b0ad00 WorkerThread "GC Thread#0"                     [id=15148, stack(0x000000d43d800000,0x000000d43d900000) (1024K)]
  0x00000265fad2b2a0 ConcurrentGCThread "G1 Main Marker"            [id=11960, stack(0x000000d43d900000,0x000000d43da00000) (1024K)]
  0x00000265f8b0bb80 WorkerThread "G1 Conc#0"                       [id=14024, stack(0x000000d43da00000,0x000000d43db00000) (1024K)]
  0x00000265ffb76410 ConcurrentGCThread "G1 Refine#0"               [id=20176, stack(0x000000d43db00000,0x000000d43dc00000) (1024K)]
  0x00000265ffb76e90 ConcurrentGCThread "G1 Service"                [id=5616, stack(0x000000d43dc00000,0x000000d43dd00000) (1024K)]
Total: 7

Threads with active compile tasks:
Total: 0

VM state: not at safepoint (normal execution)

VM Mutex/Monitor currently owned by a thread: None

Heap address: 0x0000000601000000, size: 8176 MB, Compressed Oops mode: Zero based, Oop shift amount: 3

CDS archive(s) mapped at: [0x00000265a0000000-0x00000265a0c90000-0x00000265a0c90000), size 13172736, SharedBaseAddress: 0x00000265a0000000, ArchiveRelocationMode: 1.
Compressed class space mapped at: 0x00000265a1000000-0x00000265e1000000, reserved size: 1073741824
Narrow klass base: 0x00000265a0000000, Narrow klass shift: 0, Narrow klass range: 0x100000000

GC Precious Log:
 CardTable entry size: 512
 Card Set container configuration: InlinePtr #cards 4 size 8 Array Of Cards #cards 32 size 80 Howl #buckets 8 coarsen threshold 7372 Howl Bitmap #cards 1024 size 144 coarsen threshold 921 Card regions per heap region 1 cards per card region 8192
 CPUs: 16 total, 16 available
 Memory: 32689M
 Large Page Support: Disabled
 NUMA Support: Disabled
 Compressed Oops: Enabled (Zero based)
 Heap Region Size: 4M
 Heap Min Capacity: 8M
 Heap Initial Capacity: 512M
 Heap Max Capacity: 8176M
 Pre-touch: Disabled
 Parallel Workers: 13
 Concurrent Workers: 3
 Concurrent Refinement Workers: 13
 Periodic GC: Disabled

Heap:
 garbage-first heap   total 524288K, used 4096K [0x0000000601000000, 0x0000000800000000)
  region size 4096K, 2 young (8192K), 0 survivors (0K)
 Metaspace       used 3211K, committed 3392K, reserved 1114112K
  class space    used 307K, committed 384K, reserved 1048576K

Heap Regions: E=young(eden), S=young(survivor), O=old, HS=humongous(starts), HC=humongous(continues), CS=collection set, F=free, TAMS=top-at-mark-start, PB=parsable bottom
|   0|0x0000000601000000, 0x0000000601000000, 0x0000000601400000|  0%| F|  |TAMS 0x0000000601000000| PB 0x0000000601000000| Untracked 
|   1|0x0000000601400000, 0x0000000601400000, 0x0000000601800000|  0%| F|  |TAMS 0x0000000601400000| PB 0x0000000601400000| Untracked 
|   2|0x0000000601800000, 0x0000000601800000, 0x0000000601c00000|  0%| F|  |TAMS 0x0000000601800000| PB 0x0000000601800000| Untracked 
|   3|0x0000000601c00000, 0x0000000601c00000, 0x0000000602000000|  0%| F|  |TAMS 0x0000000601c00000| PB 0x0000000601c00000| Untracked 
|   4|0x0000000602000000, 0x0000000602000000, 0x0000000602400000|  0%| F|  |TAMS 0x0000000602000000| PB 0x0000000602000000| Untracked 
|   5|0x0000000602400000, 0x0000000602400000, 0x0000000602800000|  0%| F|  |TAMS 0x0000000602400000| PB 0x0000000602400000| Untracked 
|   6|0x0000000602800000, 0x0000000602800000, 0x0000000602c00000|  0%| F|  |TAMS 0x0000000602800000| PB 0x0000000602800000| Untracked 
|   7|0x0000000602c00000, 0x0000000602c00000, 0x0000000603000000|  0%| F|  |TAMS 0x0000000602c00000| PB 0x0000000602c00000| Untracked 
|   8|0x0000000603000000, 0x0000000603000000, 0x0000000603400000|  0%| F|  |TAMS 0x0000000603000000| PB 0x0000000603000000| Untracked 
|   9|0x0000000603400000, 0x0000000603400000, 0x0000000603800000|  0%| F|  |TAMS 0x0000000603400000| PB 0x0000000603400000| Untracked 
|  10|0x0000000603800000, 0x0000000603800000, 0x0000000603c00000|  0%| F|  |TAMS 0x0000000603800000| PB 0x0000000603800000| Untracked 
|  11|0x0000000603c00000, 0x0000000603c00000, 0x0000000604000000|  0%| F|  |TAMS 0x0000000603c00000| PB 0x0000000603c00000| Untracked 
|  12|0x0000000604000000, 0x0000000604000000, 0x0000000604400000|  0%| F|  |TAMS 0x0000000604000000| PB 0x0000000604000000| Untracked 
|  13|0x0000000604400000, 0x0000000604400000, 0x0000000604800000|  0%| F|  |TAMS 0x0000000604400000| PB 0x0000000604400000| Untracked 
|  14|0x0000000604800000, 0x0000000604800000, 0x0000000604c00000|  0%| F|  |TAMS 0x0000000604800000| PB 0x0000000604800000| Untracked 
|  15|0x0000000604c00000, 0x0000000604c00000, 0x0000000605000000|  0%| F|  |TAMS 0x0000000604c00000| PB 0x0000000604c00000| Untracked 
|  16|0x0000000605000000, 0x0000000605000000, 0x0000000605400000|  0%| F|  |TAMS 0x0000000605000000| PB 0x0000000605000000| Untracked 
|  17|0x0000000605400000, 0x0000000605400000, 0x0000000605800000|  0%| F|  |TAMS 0x0000000605400000| PB 0x0000000605400000| Untracked 
|  18|0x0000000605800000, 0x0000000605800000, 0x0000000605c00000|  0%| F|  |TAMS 0x0000000605800000| PB 0x0000000605800000| Untracked 
|  19|0x0000000605c00000, 0x0000000605c00000, 0x0000000606000000|  0%| F|  |TAMS 0x0000000605c00000| PB 0x0000000605c00000| Untracked 
|  20|0x0000000606000000, 0x0000000606000000, 0x0000000606400000|  0%| F|  |TAMS 0x0000000606000000| PB 0x0000000606000000| Untracked 
|  21|0x0000000606400000, 0x0000000606400000, 0x0000000606800000|  0%| F|  |TAMS 0x0000000606400000| PB 0x0000000606400000| Untracked 
|  22|0x0000000606800000, 0x0000000606800000, 0x0000000606c00000|  0%| F|  |TAMS 0x0000000606800000| PB 0x0000000606800000| Untracked 
|  23|0x0000000606c00000, 0x0000000606c00000, 0x0000000607000000|  0%| F|  |TAMS 0x0000000606c00000| PB 0x0000000606c00000| Untracked 
|  24|0x0000000607000000, 0x0000000607000000, 0x0000000607400000|  0%| F|  |TAMS 0x0000000607000000| PB 0x0000000607000000| Untracked 
|  25|0x0000000607400000, 0x0000000607400000, 0x0000000607800000|  0%| F|  |TAMS 0x0000000607400000| PB 0x0000000607400000| Untracked 
|  26|0x0000000607800000, 0x0000000607800000, 0x0000000607c00000|  0%| F|  |TAMS 0x0000000607800000| PB 0x0000000607800000| Untracked 
|  27|0x0000000607c00000, 0x0000000607c00000, 0x0000000608000000|  0%| F|  |TAMS 0x0000000607c00000| PB 0x0000000607c00000| Untracked 
|  28|0x0000000608000000, 0x0000000608000000, 0x0000000608400000|  0%| F|  |TAMS 0x0000000608000000| PB 0x0000000608000000| Untracked 
|  29|0x0000000608400000, 0x0000000608400000, 0x0000000608800000|  0%| F|  |TAMS 0x0000000608400000| PB 0x0000000608400000| Untracked 
|  30|0x0000000608800000, 0x0000000608800000, 0x0000000608c00000|  0%| F|  |TAMS 0x0000000608800000| PB 0x0000000608800000| Untracked 
|  31|0x0000000608c00000, 0x0000000608c00000, 0x0000000609000000|  0%| F|  |TAMS 0x0000000608c00000| PB 0x0000000608c00000| Untracked 
|  32|0x0000000609000000, 0x0000000609000000, 0x0000000609400000|  0%| F|  |TAMS 0x0000000609000000| PB 0x0000000609000000| Untracked 
|  33|0x0000000609400000, 0x0000000609400000, 0x0000000609800000|  0%| F|  |TAMS 0x0000000609400000| PB 0x0000000609400000| Untracked 
|  34|0x0000000609800000, 0x0000000609800000, 0x0000000609c00000|  0%| F|  |TAMS 0x0000000609800000| PB 0x0000000609800000| Untracked 
|  35|0x0000000609c00000, 0x0000000609c00000, 0x000000060a000000|  0%| F|  |TAMS 0x0000000609c00000| PB 0x0000000609c00000| Untracked 
|  36|0x000000060a000000, 0x000000060a000000, 0x000000060a400000|  0%| F|  |TAMS 0x000000060a000000| PB 0x000000060a000000| Untracked 
|  37|0x000000060a400000, 0x000000060a400000, 0x000000060a800000|  0%| F|  |TAMS 0x000000060a400000| PB 0x000000060a400000| Untracked 
|  38|0x000000060a800000, 0x000000060a800000, 0x000000060ac00000|  0%| F|  |TAMS 0x000000060a800000| PB 0x000000060a800000| Untracked 
|  39|0x000000060ac00000, 0x000000060ac00000, 0x000000060b000000|  0%| F|  |TAMS 0x000000060ac00000| PB 0x000000060ac00000| Untracked 
|  40|0x000000060b000000, 0x000000060b000000, 0x000000060b400000|  0%| F|  |TAMS 0x000000060b000000| PB 0x000000060b000000| Untracked 
|  41|0x000000060b400000, 0x000000060b400000, 0x000000060b800000|  0%| F|  |TAMS 0x000000060b400000| PB 0x000000060b400000| Untracked 
|  42|0x000000060b800000, 0x000000060b800000, 0x000000060bc00000|  0%| F|  |TAMS 0x000000060b800000| PB 0x000000060b800000| Untracked 
|  43|0x000000060bc00000, 0x000000060bc00000, 0x000000060c000000|  0%| F|  |TAMS 0x000000060bc00000| PB 0x000000060bc00000| Untracked 
|  44|0x000000060c000000, 0x000000060c000000, 0x000000060c400000|  0%| F|  |TAMS 0x000000060c000000| PB 0x000000060c000000| Untracked 
|  45|0x000000060c400000, 0x000000060c400000, 0x000000060c800000|  0%| F|  |TAMS 0x000000060c400000| PB 0x000000060c400000| Untracked 
|  46|0x000000060c800000, 0x000000060c800000, 0x000000060cc00000|  0%| F|  |TAMS 0x000000060c800000| PB 0x000000060c800000| Untracked 
|  47|0x000000060cc00000, 0x000000060cc00000, 0x000000060d000000|  0%| F|  |TAMS 0x000000060cc00000| PB 0x000000060cc00000| Untracked 
|  48|0x000000060d000000, 0x000000060d000000, 0x000000060d400000|  0%| F|  |TAMS 0x000000060d000000| PB 0x000000060d000000| Untracked 
|  49|0x000000060d400000, 0x000000060d400000, 0x000000060d800000|  0%| F|  |TAMS 0x000000060d400000| PB 0x000000060d400000| Untracked 
|  50|0x000000060d800000, 0x000000060d800000, 0x000000060dc00000|  0%| F|  |TAMS 0x000000060d800000| PB 0x000000060d800000| Untracked 
|  51|0x000000060dc00000, 0x000000060dc00000, 0x000000060e000000|  0%| F|  |TAMS 0x000000060dc00000| PB 0x000000060dc00000| Untracked 
|  52|0x000000060e000000, 0x000000060e000000, 0x000000060e400000|  0%| F|  |TAMS 0x000000060e000000| PB 0x000000060e000000| Untracked 
|  53|0x000000060e400000, 0x000000060e400000, 0x000000060e800000|  0%| F|  |TAMS 0x000000060e400000| PB 0x000000060e400000| Untracked 
|  54|0x000000060e800000, 0x000000060e800000, 0x000000060ec00000|  0%| F|  |TAMS 0x000000060e800000| PB 0x000000060e800000| Untracked 
|  55|0x000000060ec00000, 0x000000060ec00000, 0x000000060f000000|  0%| F|  |TAMS 0x000000060ec00000| PB 0x000000060ec00000| Untracked 
|  56|0x000000060f000000, 0x000000060f000000, 0x000000060f400000|  0%| F|  |TAMS 0x000000060f000000| PB 0x000000060f000000| Untracked 
|  57|0x000000060f400000, 0x000000060f400000, 0x000000060f800000|  0%| F|  |TAMS 0x000000060f400000| PB 0x000000060f400000| Untracked 
|  58|0x000000060f800000, 0x000000060f800000, 0x000000060fc00000|  0%| F|  |TAMS 0x000000060f800000| PB 0x000000060f800000| Untracked 
|  59|0x000000060fc00000, 0x000000060fc00000, 0x0000000610000000|  0%| F|  |TAMS 0x000000060fc00000| PB 0x000000060fc00000| Untracked 
|  60|0x0000000610000000, 0x0000000610000000, 0x0000000610400000|  0%| F|  |TAMS 0x0000000610000000| PB 0x0000000610000000| Untracked 
|  61|0x0000000610400000, 0x0000000610400000, 0x0000000610800000|  0%| F|  |TAMS 0x0000000610400000| PB 0x0000000610400000| Untracked 
|  62|0x0000000610800000, 0x0000000610800000, 0x0000000610c00000|  0%| F|  |TAMS 0x0000000610800000| PB 0x0000000610800000| Untracked 
|  63|0x0000000610c00000, 0x0000000610c00000, 0x0000000611000000|  0%| F|  |TAMS 0x0000000610c00000| PB 0x0000000610c00000| Untracked 
|  64|0x0000000611000000, 0x0000000611000000, 0x0000000611400000|  0%| F|  |TAMS 0x0000000611000000| PB 0x0000000611000000| Untracked 
|  65|0x0000000611400000, 0x0000000611400000, 0x0000000611800000|  0%| F|  |TAMS 0x0000000611400000| PB 0x0000000611400000| Untracked 
|  66|0x0000000611800000, 0x0000000611800000, 0x0000000611c00000|  0%| F|  |TAMS 0x0000000611800000| PB 0x0000000611800000| Untracked 
|  67|0x0000000611c00000, 0x0000000611c00000, 0x0000000612000000|  0%| F|  |TAMS 0x0000000611c00000| PB 0x0000000611c00000| Untracked 
|  68|0x0000000612000000, 0x0000000612000000, 0x0000000612400000|  0%| F|  |TAMS 0x0000000612000000| PB 0x0000000612000000| Untracked 
|  69|0x0000000612400000, 0x0000000612400000, 0x0000000612800000|  0%| F|  |TAMS 0x0000000612400000| PB 0x0000000612400000| Untracked 
|  70|0x0000000612800000, 0x0000000612800000, 0x0000000612c00000|  0%| F|  |TAMS 0x0000000612800000| PB 0x0000000612800000| Untracked 
|  71|0x0000000612c00000, 0x0000000612c00000, 0x0000000613000000|  0%| F|  |TAMS 0x0000000612c00000| PB 0x0000000612c00000| Untracked 
|  72|0x0000000613000000, 0x0000000613000000, 0x0000000613400000|  0%| F|  |TAMS 0x0000000613000000| PB 0x0000000613000000| Untracked 
|  73|0x0000000613400000, 0x0000000613400000, 0x0000000613800000|  0%| F|  |TAMS 0x0000000613400000| PB 0x0000000613400000| Untracked 
|  74|0x0000000613800000, 0x0000000613800000, 0x0000000613c00000|  0%| F|  |TAMS 0x0000000613800000| PB 0x0000000613800000| Untracked 
|  75|0x0000000613c00000, 0x0000000613c00000, 0x0000000614000000|  0%| F|  |TAMS 0x0000000613c00000| PB 0x0000000613c00000| Untracked 
|  76|0x0000000614000000, 0x0000000614000000, 0x0000000614400000|  0%| F|  |TAMS 0x0000000614000000| PB 0x0000000614000000| Untracked 
|  77|0x0000000614400000, 0x0000000614400000, 0x0000000614800000|  0%| F|  |TAMS 0x0000000614400000| PB 0x0000000614400000| Untracked 
|  78|0x0000000614800000, 0x0000000614800000, 0x0000000614c00000|  0%| F|  |TAMS 0x0000000614800000| PB 0x0000000614800000| Untracked 
|  79|0x0000000614c00000, 0x0000000614c00000, 0x0000000615000000|  0%| F|  |TAMS 0x0000000614c00000| PB 0x0000000614c00000| Untracked 
|  80|0x0000000615000000, 0x0000000615000000, 0x0000000615400000|  0%| F|  |TAMS 0x0000000615000000| PB 0x0000000615000000| Untracked 
|  81|0x0000000615400000, 0x0000000615400000, 0x0000000615800000|  0%| F|  |TAMS 0x0000000615400000| PB 0x0000000615400000| Untracked 
|  82|0x0000000615800000, 0x0000000615800000, 0x0000000615c00000|  0%| F|  |TAMS 0x0000000615800000| PB 0x0000000615800000| Untracked 
|  83|0x0000000615c00000, 0x0000000615c00000, 0x0000000616000000|  0%| F|  |TAMS 0x0000000615c00000| PB 0x0000000615c00000| Untracked 
|  84|0x0000000616000000, 0x0000000616000000, 0x0000000616400000|  0%| F|  |TAMS 0x0000000616000000| PB 0x0000000616000000| Untracked 
|  85|0x0000000616400000, 0x0000000616400000, 0x0000000616800000|  0%| F|  |TAMS 0x0000000616400000| PB 0x0000000616400000| Untracked 
|  86|0x0000000616800000, 0x0000000616800000, 0x0000000616c00000|  0%| F|  |TAMS 0x0000000616800000| PB 0x0000000616800000| Untracked 
|  87|0x0000000616c00000, 0x0000000616c00000, 0x0000000617000000|  0%| F|  |TAMS 0x0000000616c00000| PB 0x0000000616c00000| Untracked 
|  88|0x0000000617000000, 0x0000000617000000, 0x0000000617400000|  0%| F|  |TAMS 0x0000000617000000| PB 0x0000000617000000| Untracked 
|  89|0x0000000617400000, 0x0000000617400000, 0x0000000617800000|  0%| F|  |TAMS 0x0000000617400000| PB 0x0000000617400000| Untracked 
|  90|0x0000000617800000, 0x0000000617800000, 0x0000000617c00000|  0%| F|  |TAMS 0x0000000617800000| PB 0x0000000617800000| Untracked 
|  91|0x0000000617c00000, 0x0000000617c00000, 0x0000000618000000|  0%| F|  |TAMS 0x0000000617c00000| PB 0x0000000617c00000| Untracked 
|  92|0x0000000618000000, 0x0000000618000000, 0x0000000618400000|  0%| F|  |TAMS 0x0000000618000000| PB 0x0000000618000000| Untracked 
|  93|0x0000000618400000, 0x0000000618400000, 0x0000000618800000|  0%| F|  |TAMS 0x0000000618400000| PB 0x0000000618400000| Untracked 
|  94|0x0000000618800000, 0x0000000618800000, 0x0000000618c00000|  0%| F|  |TAMS 0x0000000618800000| PB 0x0000000618800000| Untracked 
|  95|0x0000000618c00000, 0x0000000618c00000, 0x0000000619000000|  0%| F|  |TAMS 0x0000000618c00000| PB 0x0000000618c00000| Untracked 
|  96|0x0000000619000000, 0x0000000619000000, 0x0000000619400000|  0%| F|  |TAMS 0x0000000619000000| PB 0x0000000619000000| Untracked 
|  97|0x0000000619400000, 0x0000000619400000, 0x0000000619800000|  0%| F|  |TAMS 0x0000000619400000| PB 0x0000000619400000| Untracked 
|  98|0x0000000619800000, 0x0000000619800000, 0x0000000619c00000|  0%| F|  |TAMS 0x0000000619800000| PB 0x0000000619800000| Untracked 
|  99|0x0000000619c00000, 0x0000000619c00000, 0x000000061a000000|  0%| F|  |TAMS 0x0000000619c00000| PB 0x0000000619c00000| Untracked 
| 100|0x000000061a000000, 0x000000061a000000, 0x000000061a400000|  0%| F|  |TAMS 0x000000061a000000| PB 0x000000061a000000| Untracked 
| 101|0x000000061a400000, 0x000000061a400000, 0x000000061a800000|  0%| F|  |TAMS 0x000000061a400000| PB 0x000000061a400000| Untracked 
| 102|0x000000061a800000, 0x000000061a800000, 0x000000061ac00000|  0%| F|  |TAMS 0x000000061a800000| PB 0x000000061a800000| Untracked 
| 103|0x000000061ac00000, 0x000000061ac00000, 0x000000061b000000|  0%| F|  |TAMS 0x000000061ac00000| PB 0x000000061ac00000| Untracked 
| 104|0x000000061b000000, 0x000000061b000000, 0x000000061b400000|  0%| F|  |TAMS 0x000000061b000000| PB 0x000000061b000000| Untracked 
| 105|0x000000061b400000, 0x000000061b400000, 0x000000061b800000|  0%| F|  |TAMS 0x000000061b400000| PB 0x000000061b400000| Untracked 
| 106|0x000000061b800000, 0x000000061b800000, 0x000000061bc00000|  0%| F|  |TAMS 0x000000061b800000| PB 0x000000061b800000| Untracked 
| 107|0x000000061bc00000, 0x000000061bc00000, 0x000000061c000000|  0%| F|  |TAMS 0x000000061bc00000| PB 0x000000061bc00000| Untracked 
| 108|0x000000061c000000, 0x000000061c000000, 0x000000061c400000|  0%| F|  |TAMS 0x000000061c000000| PB 0x000000061c000000| Untracked 
| 109|0x000000061c400000, 0x000000061c400000, 0x000000061c800000|  0%| F|  |TAMS 0x000000061c400000| PB 0x000000061c400000| Untracked 
| 110|0x000000061c800000, 0x000000061c800000, 0x000000061cc00000|  0%| F|  |TAMS 0x000000061c800000| PB 0x000000061c800000| Untracked 
| 111|0x000000061cc00000, 0x000000061cc00000, 0x000000061d000000|  0%| F|  |TAMS 0x000000061cc00000| PB 0x000000061cc00000| Untracked 
| 112|0x000000061d000000, 0x000000061d000000, 0x000000061d400000|  0%| F|  |TAMS 0x000000061d000000| PB 0x000000061d000000| Untracked 
| 113|0x000000061d400000, 0x000000061d400000, 0x000000061d800000|  0%| F|  |TAMS 0x000000061d400000| PB 0x000000061d400000| Untracked 
| 114|0x000000061d800000, 0x000000061d800000, 0x000000061dc00000|  0%| F|  |TAMS 0x000000061d800000| PB 0x000000061d800000| Untracked 
| 115|0x000000061dc00000, 0x000000061dc00000, 0x000000061e000000|  0%| F|  |TAMS 0x000000061dc00000| PB 0x000000061dc00000| Untracked 
| 116|0x000000061e000000, 0x000000061e000000, 0x000000061e400000|  0%| F|  |TAMS 0x000000061e000000| PB 0x000000061e000000| Untracked 
| 117|0x000000061e400000, 0x000000061e400000, 0x000000061e800000|  0%| F|  |TAMS 0x000000061e400000| PB 0x000000061e400000| Untracked 
| 118|0x000000061e800000, 0x000000061e800000, 0x000000061ec00000|  0%| F|  |TAMS 0x000000061e800000| PB 0x000000061e800000| Untracked 
| 119|0x000000061ec00000, 0x000000061ec00000, 0x000000061f000000|  0%| F|  |TAMS 0x000000061ec00000| PB 0x000000061ec00000| Untracked 
| 120|0x000000061f000000, 0x000000061f000000, 0x000000061f400000|  0%| F|  |TAMS 0x000000061f000000| PB 0x000000061f000000| Untracked 
| 121|0x000000061f400000, 0x000000061f400000, 0x000000061f800000|  0%| F|  |TAMS 0x000000061f400000| PB 0x000000061f400000| Untracked 
| 122|0x000000061f800000, 0x000000061f800000, 0x000000061fc00000|  0%| F|  |TAMS 0x000000061f800000| PB 0x000000061f800000| Untracked 
| 123|0x000000061fc00000, 0x000000061fc00000, 0x0000000620000000|  0%| F|  |TAMS 0x000000061fc00000| PB 0x000000061fc00000| Untracked 
| 124|0x0000000620000000, 0x0000000620000000, 0x0000000620400000|  0%| F|  |TAMS 0x0000000620000000| PB 0x0000000620000000| Untracked 
| 125|0x0000000620400000, 0x0000000620400000, 0x0000000620800000|  0%| F|  |TAMS 0x0000000620400000| PB 0x0000000620400000| Untracked 
| 126|0x0000000620800000, 0x0000000620bd79c0, 0x0000000620c00000| 96%| E|  |TAMS 0x0000000620800000| PB 0x0000000620800000| Complete 
| 127|0x0000000620c00000, 0x0000000621000000, 0x0000000621000000|100%| E|CS|TAMS 0x0000000620c00000| PB 0x0000000620c00000| Complete 

Card table byte_map: [0x00000265fc5d0000,0x00000265fd5d0000] _byte_map_base: 0x00000265f95c8000

Marking Bits: (CMBitMap*) 0x00000265fad1aa40
 Bits: [0x0000026597380000, 0x000002659f340000)

Polling page: 0x00000265fa440000

Metaspace:

Usage:
  Non-class:      2.89 MB used.
      Class:    323.19 KB used.
       Both:      3.21 MB used.

Virtual space:
  Non-class space:       64.00 MB reserved,       3.00 MB (  5%) committed,  1 nodes.
      Class space:        1.00 GB reserved,     384.00 KB ( <1%) committed,  1 nodes.
             Both:        1.06 GB reserved,       3.38 MB ( <1%) committed. 

Chunk freelists:
   Non-Class:  11.93 MB
       Class:  15.60 MB
        Both:  27.52 MB

MaxMetaspaceSize: unlimited
CompressedClassSpaceSize: 1.00 GB
Initial GC threshold: 21.00 MB
Current GC threshold: 21.00 MB
CDS: on
 - commit_granule_bytes: 65536.
 - commit_granule_words: 8192.
 - virtual_space_node_default_size: 8388608.
 - enlarge_chunks_in_place: 1.
 - use_allocation_guard: 0.


Internal statistics:

num_allocs_failed_limit: 0.
num_arena_births: 50.
num_arena_deaths: 0.
num_vsnodes_births: 2.
num_vsnodes_deaths: 0.
num_space_committed: 54.
num_space_uncommitted: 0.
num_chunks_returned_to_freelist: 0.
num_chunks_taken_from_freelist: 57.
num_chunk_merges: 0.
num_chunk_splits: 40.
num_chunks_enlarged: 24.
num_inconsistent_stats: 0.

CodeHeap 'non-profiled nmethods': size=119168Kb used=179Kb max_used=179Kb free=118988Kb
 bounds [0x000002658ff20000, 0x0000026590190000, 0x0000026597380000]
CodeHeap 'profiled nmethods': size=119104Kb used=875Kb max_used=875Kb free=118228Kb
 bounds [0x0000026588380000, 0x00000265885f0000, 0x000002658f7d0000]
CodeHeap 'non-nmethods': size=7488Kb used=3051Kb max_used=3062Kb free=4437Kb
 bounds [0x000002658f7d0000, 0x000002658fad0000, 0x000002658ff20000]
 total_blobs=1064 nmethods=594 adapters=372
 compilation: enabled
              stopped_count=0, restarted_count=0
 full_count=0

Compilation events (20 events):
Event: 0.136 Thread 0x000002659fbe2fa0  439       4       java.lang.String::toString (2 bytes)
Event: 0.136 Thread 0x000002659fbe2fa0 nmethod 439 0x000002658ff45910 code [0x000002658ff45aa0, 0x000002658ff45b28]
Event: 0.136 Thread 0x000002659fe4ef30  520       3       java.nio.Buffer::position (52 bytes)
Event: 0.137 Thread 0x000002659feb2ef0 nmethod 518 0x000002658ff45c10 code [0x000002658ff45dc0, 0x000002658ff46058]
Event: 0.137 Thread 0x000002659fe50330  521       3       java.nio.ByteBuffer::position (8 bytes)
Event: 0.137 Thread 0x000002659fe50330 nmethod 521 0x0000026588445290 code [0x0000026588445440, 0x0000026588445590]
Event: 0.137 Thread 0x000002659fe4ef30 nmethod 520 0x0000026588445610 code [0x00000265884457c0, 0x0000026588445a40]
Event: 0.137 Thread 0x000002659ffbe550 nmethod 491 0x000002658ff46110 code [0x000002658ff462a0, 0x000002658ff46440]
Event: 0.137 Thread 0x000002659fe4ef30  522       1       java.nio.Buffer::capacity (5 bytes)
Event: 0.137 Thread 0x000002659fbe2fa0  523       4       java.util.HashMap::put (13 bytes)
Event: 0.137 Thread 0x000002659fe4ef30 nmethod 522 0x000002658ff46510 code [0x000002658ff466a0, 0x000002658ff46768]
Event: 0.138 Thread 0x000002659fcf7ad0  525       3       sun.invoke.util.VerifyAccess::isSamePackage (37 bytes)
Event: 0.138 Thread 0x000002659fcf7ad0 nmethod 525 0x0000026588445b10 code [0x0000026588445d20, 0x00000265884462d8]
Event: 0.138 Thread 0x000002659ffbe550  526       4       java.lang.Math::min (11 bytes)
Event: 0.138 Thread 0x000002659ffbe550 nmethod 526 0x000002658ff46b10 code [0x000002658ff46c80, 0x000002658ff46cf0]
Event: 0.138 Thread 0x000002659feb2ef0  527       4       jdk.internal.org.objectweb.asm.SymbolTable::get (13 bytes)
Event: 0.138 Thread 0x000002659fe4ef30  528       3       java.lang.invoke.MemberName::getMethodOrFieldType (72 bytes)
Event: 0.139 Thread 0x000002659feb2ef0 nmethod 527 0x000002658ff46e10 code [0x000002658ff46fa0, 0x000002658ff470a8]
Event: 0.139 Thread 0x000002659fe4ef30 nmethod 528 0x0000026588446510 code [0x0000026588446860, 0x0000026588447668]
Event: 0.146 Thread 0x000002659fbe2fa0 nmethod 523 0x000002658ff47190 code [0x000002658ff473e0, 0x000002658ff48068]

GC Heap History (0 events):
No events

Dll operation events (10 events):
Event: 0.004 Loaded shared library C:\Users\Kuro\.jdks\openjdk-21.0.1\bin\java.dll
Event: 0.030 Loaded shared library C:\Users\Kuro\.jdks\openjdk-21.0.1\bin\jsvml.dll
Event: 0.057 Loaded shared library C:\Users\Kuro\.jdks\openjdk-21.0.1\bin\zip.dll
Event: 0.059 Loaded shared library C:\Users\Kuro\.jdks\openjdk-21.0.1\bin\instrument.dll
Event: 0.062 Loaded shared library C:\Users\Kuro\.jdks\openjdk-21.0.1\bin\net.dll
Event: 0.063 Loaded shared library C:\Users\Kuro\.jdks\openjdk-21.0.1\bin\nio.dll
Event: 0.067 Loaded shared library C:\Users\Kuro\.jdks\openjdk-21.0.1\bin\zip.dll
Event: 0.076 Loaded shared library C:\Users\Kuro\.jdks\openjdk-21.0.1\bin\jimage.dll
Event: 0.081 Loaded shared library C:\Users\Kuro\.jdks\openjdk-21.0.1\bin\extnet.dll
Event: 0.204 Loaded shared library C:\Users\Kuro\AppData\Local\Temp\pixelgameEngineWrapper3634314817293755871.dll

Deoptimization events (16 events):
Event: 0.075 Thread 0x00000265fac71b60 Uncommon trap: trap_request=0xffffff45 fr.pc=0x000002658ff322e4 relative=0x00000000000000c4
Event: 0.075 Thread 0x00000265fac71b60 Uncommon trap: reason=unstable_if action=reinterpret pc=0x000002658ff322e4 method=java.lang.String.isLatin1()Z @ 10 c2
Event: 0.075 Thread 0x00000265fac71b60 DEOPT PACKING pc=0x000002658ff322e4 sp=0x000000d43d7fef20
Event: 0.075 Thread 0x00000265fac71b60 DEOPT UNPACKING pc=0x000002658f8246a2 sp=0x000000d43d7fee60 mode 2
Event: 0.103 Thread 0x00000265fac71b60 Uncommon trap: trap_request=0xffffff45 fr.pc=0x000002658ff2efc0 relative=0x0000000000000ae0
Event: 0.103 Thread 0x00000265fac71b60 Uncommon trap: reason=unstable_if action=reinterpret pc=0x000002658ff2efc0 method=java.util.HashMap.putVal(ILjava/lang/Object;Ljava/lang/Object;ZZ)Ljava/lang/Object; @ 181 c2
Event: 0.103 Thread 0x00000265fac71b60 DEOPT PACKING pc=0x000002658ff2efc0 sp=0x000000d43d7fdca0
Event: 0.103 Thread 0x00000265fac71b60 DEOPT UNPACKING pc=0x000002658f8246a2 sp=0x000000d43d7fdc50 mode 2
Event: 0.121 Thread 0x00000265fac71b60 DEOPT PACKING pc=0x00000265883b4ae7 sp=0x000000d43d7fd710
Event: 0.121 Thread 0x00000265fac71b60 DEOPT UNPACKING pc=0x000002658f824e42 sp=0x000000d43d7fcb98 mode 0
Event: 0.124 Thread 0x00000265fac71b60 DEOPT PACKING pc=0x00000265883b4ae7 sp=0x000000d43d7fd750
Event: 0.124 Thread 0x00000265fac71b60 DEOPT UNPACKING pc=0x000002658f824e42 sp=0x000000d43d7fcbc0 mode 0
Event: 0.139 Thread 0x000002659fbcb250 Uncommon trap: trap_request=0xffffff45 fr.pc=0x000002658ff46400 relative=0x0000000000000160
Event: 0.139 Thread 0x000002659fbcb250 Uncommon trap: reason=unstable_if action=reinterpret pc=0x000002658ff46400 method=java.util.concurrent.locks.ReentrantLock$NonfairSync.initialTryLock()Z @ 10 c2
Event: 0.139 Thread 0x000002659fbcb250 DEOPT PACKING pc=0x000002658ff46400 sp=0x000000d43e2fec70
Event: 0.139 Thread 0x000002659fbcb250 DEOPT UNPACKING pc=0x000002658f8246a2 sp=0x000000d43e2fec18 mode 2

Classes loaded (20 events):
Event: 0.134 Loading class java/nio/channels/SocketChannel done
Event: 0.134 Loading class sun/nio/ch/SocketChannelImpl done
Event: 0.134 Loading class sun/nio/ch/ChannelOutputStream
Event: 0.134 Loading class sun/nio/ch/ChannelOutputStream done
Event: 0.135 Loading class sun/nio/ch/IOStatus
Event: 0.135 Loading class sun/nio/ch/IOStatus done
Event: 0.135 Loading class sun/util/resources/TimeZoneNames
Event: 0.135 Loading class sun/util/resources/TimeZoneNames done
Event: 0.136 Loading class sun/util/resources/TimeZoneNames_en
Event: 0.136 Loading class sun/util/resources/TimeZoneNames_en done
Event: 0.204 Loading class jdk/internal/agent/Agent
Event: 0.204 Loading class jdk/internal/agent/Agent done
Event: 0.205 Loading class sun/management/jmxremote/ConnectorBootstrap
Event: 0.205 Loading class sun/management/jmxremote/ConnectorBootstrap done
Event: 0.205 Loading class jdk/internal/logger/LazyLoggers
Event: 0.205 Loading class jdk/internal/logger/LazyLoggers done
Event: 0.205 Loading class jdk/internal/logger/LazyLoggers$1
Event: 0.205 Loading class jdk/internal/logger/LazyLoggers$1 done
Event: 0.205 Loading class jdk/internal/logger/LazyLoggers$LazyLoggerFactories
Event: 0.205 Loading class jdk/internal/logger/LazyLoggers$LazyLoggerFactories done

Classes unloaded (0 events):
No events

Classes redefined (0 events):
No events

Internal exceptions (6 events):
Event: 0.070 Thread 0x00000265fac71b60 Exception <a 'java/lang/NoSuchMethodError'{0x0000000620fbe838}: 'void java.lang.invoke.DirectMethodHandle$Holder.invokeStatic(java.lang.Object, java.lang.Object, java.lang.Object)'> (0x0000000620fbe838) 
thrown [s\open\src\hotspot\share\interpreter\linkResolver.cpp, line 773]
Event: 0.073 Thread 0x00000265fac71b60 Exception <a 'java/lang/NoSuchMethodError'{0x0000000620fd5d40}: 'java.lang.Object java.lang.invoke.Invokers$Holder.invokeExact_MT(java.lang.Object, java.lang.Object, java.lang.Object, java.lang.Object, java.lang.Object)'> (0x0000000620fd5d40) 
thrown [s\open\src\hotspot\share\interpreter\linkResolver.cpp, line 773]
Event: 0.082 Thread 0x000002659fda3850 Exception <a 'java/lang/NoSuchMethodError'{0x00000006208088b0}: 'void java.lang.invoke.DirectMethodHandle$Holder.invokeStatic(java.lang.Object, java.lang.Object)'> (0x00000006208088b0) 
thrown [s\open\src\hotspot\share\interpreter\linkResolver.cpp, line 773]
Event: 0.107 Thread 0x00000265fac71b60 Exception <a 'java/lang/NoSuchMethodError'{0x00000006208b8c68}: 'java.lang.Object java.lang.invoke.DirectMethodHandle$Holder.invokeStaticInit(java.lang.Object, int, int, int, int)'> (0x00000006208b8c68) 
thrown [s\open\src\hotspot\share\interpreter\linkResolver.cpp, line 773]
Event: 0.127 Thread 0x00000265fac71b60 Exception <a 'java/lang/NoSuchMethodError'{0x0000000620ab4470}: 'java.lang.Object java.lang.invoke.DirectMethodHandle$Holder.invokeStaticInit(java.lang.Object, java.lang.Object, int, int, int, int)'> (0x0000000620ab4470) 
thrown [s\open\src\hotspot\share\interpreter\linkResolver.cpp, line 773]
Event: 0.138 Thread 0x000002659fbcb250 Exception <a 'java/lang/NoSuchMethodError'{0x0000000620b6aec8}: 'java.lang.Object java.lang.invoke.Invokers$Holder.invokeExact_MT(java.lang.Object, java.lang.Object, java.lang.Object, java.lang.Object, java.lang.Object, java.lang.Object)'> (0x0000000620b6aec8) 
thrown [s\open\src\hotspot\share\interpreter\linkResolver.cpp, line 773]

ZGC Phase Switch (0 events):
No events

VM Operations (4 events):
Event: 0.049 Executing VM operation: HandshakeAllThreads (Deoptimize)
Event: 0.049 Executing VM operation: HandshakeAllThreads (Deoptimize) done
Event: 0.123 Executing VM operation: HandshakeAllThreads (Deoptimize)
Event: 0.123 Executing VM operation: HandshakeAllThreads (Deoptimize) done

Events (17 events):
Event: 0.018 Thread 0x00000265fac71b60 Thread added: 0x00000265fac71b60
Event: 0.028 Thread 0x000002659fbc4ab0 Thread added: 0x000002659fbc4ab0
Event: 0.028 Thread 0x000002659fbc6780 Thread added: 0x000002659fbc6780
Event: 0.029 Thread 0x000002659fbc8550 Thread added: 0x000002659fbc8550
Event: 0.029 Thread 0x000002659fbcb250 Thread added: 0x000002659fbcb250
Event: 0.029 Thread 0x000002659fbd5cd0 Thread added: 0x000002659fbd5cd0
Event: 0.029 Thread 0x000002659fbd6730 Thread added: 0x000002659fbd6730
Event: 0.029 Thread 0x000002659fbe2fa0 Thread added: 0x000002659fbe2fa0
Event: 0.029 Thread 0x000002659fbd82c0 Thread added: 0x000002659fbd82c0
Event: 0.044 Thread 0x00000265ffcb2d60 Thread added: 0x00000265ffcb2d60
Event: 0.049 Thread 0x000002659fcf7ad0 Thread added: 0x000002659fcf7ad0
Event: 0.074 Thread 0x000002659fda3850 Thread added: 0x000002659fda3850
Event: 0.074 Thread 0x000002659fd5e440 Thread added: 0x000002659fd5e440
Event: 0.108 Thread 0x000002659fe4ef30 Thread added: 0x000002659fe4ef30
Event: 0.109 Thread 0x000002659fe50330 Thread added: 0x000002659fe50330
Event: 0.121 Thread 0x000002659feb2ef0 Thread added: 0x000002659feb2ef0
Event: 0.128 Thread 0x000002659ffbe550 Thread added: 0x000002659ffbe550


Dynamic libraries:
0x00007ff752dd0000 - 0x00007ff752dde000 	C:\Users\Kuro\.jdks\openjdk-21.0.1\bin\java.exe
0x00007ffbaac10000 - 0x00007ffbaae08000 	C:\Windows\SYSTEM32\ntdll.dll
0x00007ffbaa050000 - 0x00007ffbaa112000 	C:\Windows\System32\KERNEL32.DLL
0x00007ffba8660000 - 0x00007ffba8956000 	C:\Windows\System32\KERNELBASE.dll
0x00007ffba8960000 - 0x00007ffba8a60000 	C:\Windows\System32\ucrtbase.dll
0x00007ffba31e0000 - 0x00007ffba31fb000 	C:\Users\Kuro\.jdks\openjdk-21.0.1\bin\VCRUNTIME140.dll
0x00007ffba4bb0000 - 0x00007ffba4bc8000 	C:\Users\Kuro\.jdks\openjdk-21.0.1\bin\jli.dll
0x00007ffbaa2d0000 - 0x00007ffbaa46d000 	C:\Windows\System32\USER32.dll
0x00007ffb8d9d0000 - 0x00007ffb8dc6a000 	C:\Windows\WinSxS\amd64_microsoft.windows.common-controls_6595b64144ccf1df_6.0.19041.5915_none_60b4b9d171f9c7c7\COMCTL32.dll
0x00007ffba82a0000 - 0x00007ffba82c2000 	C:\Windows\System32\win32u.dll
0x00007ffbaa580000 - 0x00007ffbaa5ab000 	C:\Windows\System32\GDI32.dll
0x00007ffbaa620000 - 0x00007ffbaa6be000 	C:\Windows\System32\msvcrt.dll
0x00007ffba83e0000 - 0x00007ffba84f9000 	C:\Windows\System32\gdi32full.dll
0x00007ffba8b90000 - 0x00007ffba8c2d000 	C:\Windows\System32\msvcp_win.dll
0x00007ffbaaba0000 - 0x00007ffbaabcf000 	C:\Windows\System32\IMM32.DLL
0x00007ffba32d0000 - 0x00007ffba32dc000 	C:\Users\Kuro\.jdks\openjdk-21.0.1\bin\vcruntime140_1.dll
0x00007ffb8ceb0000 - 0x00007ffb8cf3e000 	C:\Users\Kuro\.jdks\openjdk-21.0.1\bin\msvcp140.dll
0x00007ffb3ef90000 - 0x00007ffb3fca5000 	C:\Users\Kuro\.jdks\openjdk-21.0.1\bin\server\jvm.dll
0x00007ffba9960000 - 0x00007ffba9a11000 	C:\Windows\System32\ADVAPI32.dll
0x00007ffbaa470000 - 0x00007ffbaa50f000 	C:\Windows\System32\sechost.dll
0x00007ffba9e30000 - 0x00007ffba9f53000 	C:\Windows\System32\RPCRT4.dll
0x00007ffba8ab0000 - 0x00007ffba8ad7000 	C:\Windows\System32\bcrypt.dll
0x00007ffbaa5b0000 - 0x00007ffbaa61b000 	C:\Windows\System32\WS2_32.dll
0x00007ffba77a0000 - 0x00007ffba77eb000 	C:\Windows\SYSTEM32\POWRPROF.dll
0x00007ffb9e410000 - 0x00007ffb9e41a000 	C:\Windows\SYSTEM32\VERSION.dll
0x00007ffb95610000 - 0x00007ffb95637000 	C:\Windows\SYSTEM32\WINMM.dll
0x00007ffba7660000 - 0x00007ffba7672000 	C:\Windows\SYSTEM32\UMPDC.dll
0x00007ffba6aa0000 - 0x00007ffba6ab2000 	C:\Windows\SYSTEM32\kernel.appcore.dll
0x00007ffb8cea0000 - 0x00007ffb8ceaa000 	C:\Users\Kuro\.jdks\openjdk-21.0.1\bin\jimage.dll
0x00007ffba6870000 - 0x00007ffba6a71000 	C:\Windows\SYSTEM32\DBGHELP.DLL
0x00007ffb8ad90000 - 0x00007ffb8adc4000 	C:\Windows\SYSTEM32\dbgcore.DLL
0x00007ffba82d0000 - 0x00007ffba8352000 	C:\Windows\System32\bcryptPrimitives.dll
0x00007ffb8cd30000 - 0x00007ffb8cd3f000 	C:\Users\Kuro\.jdks\openjdk-21.0.1\bin\instrument.dll
0x00007ffb8b390000 - 0x00007ffb8b3af000 	C:\Users\Kuro\.jdks\openjdk-21.0.1\bin\java.dll
0x00007ffba91f0000 - 0x00007ffba995e000 	C:\Windows\System32\SHELL32.dll
0x00007ffba5ff0000 - 0x00007ffba6794000 	C:\Windows\SYSTEM32\windows.storage.dll
0x00007ffba9ad0000 - 0x00007ffba9e23000 	C:\Windows\System32\combase.dll
0x00007ffba7bf0000 - 0x00007ffba7c1b000 	C:\Windows\SYSTEM32\Wldp.dll
0x00007ffbaa9a0000 - 0x00007ffbaaa6d000 	C:\Windows\System32\OLEAUT32.dll
0x00007ffba9140000 - 0x00007ffba91ed000 	C:\Windows\System32\SHCORE.dll
0x00007ffbaa7a0000 - 0x00007ffbaa7fb000 	C:\Windows\System32\shlwapi.dll
0x00007ffba81d0000 - 0x00007ffba81f5000 	C:\Windows\SYSTEM32\profapi.dll
0x00007ffb4c770000 - 0x00007ffb4c847000 	C:\Users\Kuro\.jdks\openjdk-21.0.1\bin\jsvml.dll
0x00007ffb8ad50000 - 0x00007ffb8ad68000 	C:\Users\Kuro\.jdks\openjdk-21.0.1\bin\zip.dll
0x00007ffb8b380000 - 0x00007ffb8b390000 	C:\Users\Kuro\.jdks\openjdk-21.0.1\bin\net.dll
0x00007ffba2cd0000 - 0x00007ffba2dda000 	C:\Windows\SYSTEM32\WINHTTP.dll
0x00007ffba79d0000 - 0x00007ffba7a3a000 	C:\Windows\system32\mswsock.dll
0x00007ffb8b200000 - 0x00007ffb8b216000 	C:\Users\Kuro\.jdks\openjdk-21.0.1\bin\nio.dll
0x00007ffb8b2e0000 - 0x00007ffb8b2e7000 	C:\Users\Kuro\.jdks\openjdk-21.0.1\bin\extnet.dll
0x00007ffba7c30000 - 0x00007ffba7c48000 	C:\Windows\SYSTEM32\CRYPTSP.dll
0x00007ffba72a0000 - 0x00007ffba72d8000 	C:\Windows\system32\rsaenh.dll
0x00007ffba8190000 - 0x00007ffba81be000 	C:\Windows\SYSTEM32\USERENV.dll
0x00007ffba7b60000 - 0x00007ffba7b6c000 	C:\Windows\SYSTEM32\CRYPTBASE.dll
0x00007ffba7680000 - 0x00007ffba76bb000 	C:\Windows\SYSTEM32\IPHLPAPI.DLL
0x00007ffba9130000 - 0x00007ffba9138000 	C:\Windows\System32\NSI.dll
0x00007ffb62430000 - 0x00007ffb624bd000 	C:\Users\Kuro\AppData\Local\Temp\pixelgameEngineWrapper3634314817293755871.dll
0x00007ffb8dc70000 - 0x00007ffb8de17000 	C:\Windows\WinSxS\amd64_microsoft.windows.gdiplus_6595b64144ccf1df_1.1.19041.5915_none_919facb6cc8c4195\gdiplus.dll
0x00007ffb60e00000 - 0x00007ffb60f28000 	C:\Windows\SYSTEM32\OPENGL32.dll
0x00007ffba5b10000 - 0x00007ffba5b3f000 	C:\Windows\SYSTEM32\dwmapi.dll
0x00007ffb60dd0000 - 0x00007ffb60dfc000 	C:\Windows\SYSTEM32\GLU32.dll
0x00007ffb83f20000 - 0x00007ffb83f4b000 	C:\msys64\mingw64\bin\libgcc_s_seh-1.dll
0x00007ffb40760000 - 0x00007ffb409b6000 	C:\msys64\mingw64\bin\libstdc++-6.dll
0x00007ffb8a470000 - 0x00007ffb8a486000 	C:\msys64\mingw64\bin\libwinpthread-1.dll
0x00007ffba5880000 - 0x00007ffba591e000 	C:\Windows\system32\uxtheme.dll
0x00007ffb6b660000 - 0x00007ffb6b793000 	C:\ProgramData\A-Volute\A-Volute.Nahimic\Modules\Scheduled\x64\AudioDevProps2.dll
0x00007ffbaaa70000 - 0x00007ffbaab9b000 	C:\Windows\System32\ole32.dll
0x00007ffba76d0000 - 0x00007ffba779a000 	C:\Windows\SYSTEM32\DNSAPI.dll
0x000000006e9d0000 - 0x000000006ea05000 	C:\Program Files\Bonjour\mdnsNSP.dll
0x00007ffbaa820000 - 0x00007ffbaa935000 	C:\Windows\System32\MSCTF.dll
0x00007ffb9fad0000 - 0x00007ffb9fada000 	C:\Windows\System32\rasadhlp.dll
0x00007ffba0020000 - 0x00007ffba00a0000 	C:\Windows\System32\fwpuclnt.dll
0x00007ffb8b170000 - 0x00007ffb8b17a000 	C:\Users\Kuro\.jdks\openjdk-21.0.1\bin\management.dll
0x00007ffb8b130000 - 0x00007ffb8b13b000 	C:\Users\Kuro\.jdks\openjdk-21.0.1\bin\management_ext.dll
0x00007ffbaa570000 - 0x00007ffbaa578000 	C:\Windows\System32\PSAPI.DLL

dbghelp: loaded successfully - version: 4.0.5 - missing functions: none
symbol engine: initialized successfully - sym options: 0x614 - pdb path: .;C:\Users\Kuro\.jdks\openjdk-21.0.1\bin;C:\Windows\SYSTEM32;C:\Windows\WinSxS\amd64_microsoft.windows.common-controls_6595b64144ccf1df_6.0.19041.5915_none_60b4b9d171f9c7c7;C:\Users\Kuro\.jdks\openjdk-21.0.1\bin\server;C:\Users\Kuro\AppData\Local\Temp;C:\Windows\WinSxS\amd64_microsoft.windows.gdiplus_6595b64144ccf1df_1.1.19041.5915_none_919facb6cc8c4195;C:\msys64\mingw64\bin;C:\ProgramData\A-Volute\A-Volute.Nahimic\Modules\Scheduled\x64;C:\Program Files\Bonjour

VM Arguments:
jvm_args: -javaagent:C:\Program Files\JetBrains\IntelliJ IDEA 2021.1.3\lib\idea_rt.jar=65024 -Dfile.encoding=UTF-8 -Dsun.stdout.encoding=UTF-8 -Dsun.stderr.encoding=UTF-8 
java_command: org.kurodev.Main
java_class_path (initial): C:\Users\Kuro\IdeaProjects\JNI-Test\target\classes;C:\Users\Kuro\.m2\repository\org\projectlombok\lombok\1.18.34\lombok-1.18.34.jar
Launcher Type: SUN_STANDARD

[Global flags]
     intx CICompilerCount                          = 12                                        {product} {ergonomic}
     uint ConcGCThreads                            = 3                                         {product} {ergonomic}
     uint G1ConcRefinementThreads                  = 13                                        {product} {ergonomic}
   size_t G1HeapRegionSize                         = 4194304                                   {product} {ergonomic}
    uintx GCDrainStackTargetSize                   = 64                                        {product} {ergonomic}
   size_t InitialHeapSize                          = 536870912                                 {product} {ergonomic}
   size_t MarkStackSize                            = 4194304                                   {product} {ergonomic}
   size_t MaxHeapSize                              = 8573157376                                {product} {ergonomic}
   size_t MaxNewSize                               = 5142216704                                {product} {ergonomic}
   size_t MinHeapDeltaBytes                        = 4194304                                   {product} {ergonomic}
   size_t MinHeapSize                              = 8388608                                   {product} {ergonomic}
    uintx NonNMethodCodeHeapSize                   = 7602480                                {pd product} {ergonomic}
    uintx NonProfiledCodeHeapSize                  = 122027880                              {pd product} {ergonomic}
    uintx ProfiledCodeHeapSize                     = 122027880                              {pd product} {ergonomic}
    uintx ReservedCodeCacheSize                    = 251658240                              {pd product} {ergonomic}
     bool SegmentedCodeCache                       = true                                      {product} {ergonomic}
   size_t SoftMaxHeapSize                          = 8573157376                             {manageable} {ergonomic}
     bool UseCompressedOops                        = true                           {product lp64_product} {ergonomic}
     bool UseG1GC                                  = true                                      {product} {ergonomic}
     bool UseLargePagesIndividualAllocation        = false                                  {pd product} {ergonomic}

Logging:
Log output configuration:
 #0: stdout all=warning uptime,level,tags foldmultilines=false
 #1: stderr all=off uptime,level,tags foldmultilines=false

Environment Variables:
JAVA_HOME=C:\Users\Kuro\Java\jdk-16
PATH=C:\Windows\system32;C:\Windows;C:\Windows\System32\Wbem;C:\Windows\System32\WindowsPowerShell\v1.0\;C:\Windows\System32\OpenSSH\;C:\Program Files (x86)\NVIDIA Corporation\PhysX\Common;C:\Program Files\dotnet\;C:\Users\Kuro\AppData\Roaming\nvm;C:\Program Files\nodejs;C:\Program Files\Docker\Docker\resources\bin;C:\Program Files\Git\cmd;C:\Program Files\NVIDIA Corporation\NVIDIA app\NvDLISR;C:\Program Files\PuTTY\;C:\msys64\mingw64\bin;C:\Users\Kuro\.cargo\bin;C:\Users\Kuro\AppData\Local\Microsoft\WindowsApps;C:\Users\Kuro\Java\jdk-16\bin;C:\Users\Kuro\Java\jdk-13\bin;C:\Users\Kuro\Java\jdk-15\bin;C:\Program Files\JetBrains\IntelliJ IDEA Community Edition 2021.1.1\bin;C:\Users\Kuro\AppData\Local\Programs\Microsoft VS Code\bin;C:\Users\Kuro\Java\apache-maven-3.9.6\bin;C:\Users\Kuro\AppData\Roaming\npm;C:\Program Files\JetBrains\IntelliJ IDEA 2021.1.3\bin;C:\Program Files\JetBrains\CLion 2021.2\bin;C:\Users\Kuro\.dotnet\tools;C:\Program Files (x86)\Nmap;C:\Users\Kuro\AppData\Roaming\nvm;C:\Program Files\nodejs;C:\Users\Kuro\.bun\bin;C:\Program Files\JetBrains\JetBrains Rider 2024.3.3\bin;C:\Users\Kuro\AppData\Local\JetBrains\Toolbox\scripts;
USERNAME=Kuro
OS=Windows_NT
PROCESSOR_IDENTIFIER=AMD64 Family 23 Model 113 Stepping 0, AuthenticAMD
TMP=C:\Users\Kuro\AppData\Local\Temp
TEMP=C:\Users\Kuro\AppData\Local\Temp




Periodic native trim disabled

---------------  S Y S T E M  ---------------

OS:
 Windows 10 , 64 bit Build 19041 (10.0.19041.5915)
OS uptime: 0 days 4:51 hours
Hyper-V role detected

CPU: total 16 (initial active 16) (16 cores per cpu, 2 threads per core) family 23 model 113 stepping 0 microcode 0x0, cx8, cmov, fxsr, ht, mmx, 3dnowpref, sse, sse2, sse3, ssse3, sse4a, sse4.1, sse4.2, popcnt, lzcnt, tsc, tscinvbit, avx, avx2, aes, clmul, bmi1, bmi2, adx, sha, fma, vzeroupper, clflush, clflushopt, hv, rdtscp, rdpid, f16c
Processor Information for all 16 processors :
  Max Mhz: 3900, Current Mhz: 3900, Mhz Limit: 3900

Memory: 4k page, system-wide physical 32689M (18368M free)
TotalPageFile size 37553M (AvailPageFile size 20098M)
current process WorkingSet (physical memory assigned to process): 55M, peak: 55M
current process commit charge ("private bytes"): 622M, peak: 622M

vm_info: OpenJDK 64-Bit Server VM (21.0.1+12-29) for windows-amd64 JRE (21.0.1+12-29), built on 2023-10-05T13:27:09Z by "mach5one" with MS VC++ 17.1 (VS2022)

END.
