#
# A fatal error has been detected by the Java Runtime Environment:
#
#  EXCEPTION_ACCESS_VIOLATION (0xc0000005) at pc=0x00007ffb49bca500, pid=1044, tid=15688
#
# JRE version: OpenJDK Runtime Environment (21.0.1+12) (build 21.0.1+12-29)
# Java VM: OpenJDK 64-Bit Server VM (21.0.1+12-29, mixed mode, sharing, tiered, compressed oops, compressed class ptrs, g1 gc, windows-amd64)
# Problematic frame:
# C  [pixelgameEngineWrapper8572774365592789776.dll+0x1a500]
#
# No core dump will be written. Minidumps are not enabled by default on client versions of Windows
#
# If you would like to submit a bug report, please visit:
#   https://bugreport.java.com/bugreport/crash.jsp
# The crash happened outside the Java Virtual Machine in native code.
# See problematic frame for where to report the bug.
#

---------------  S U M M A R Y ------------

Command Line: -javaagent:C:\Program Files\JetBrains\IntelliJ IDEA 2021.1.3\lib\idea_rt.jar=65059 -Dfile.encoding=UTF-8 -Dsun.stdout.encoding=UTF-8 -Dsun.stderr.encoding=UTF-8 org.kurodev.Main

Host: AMD Ryzen 7 3800X 8-Core Processor             , 16 cores, 31G,  Windows 10 , 64 bit Build 19041 (10.0.19041.5915)
Time: Tue Jun 24 23:25:08 2025 W. Europe Summer Time elapsed time: 0.214547 seconds (0d 0h 0m 0s)

---------------  T H R E A D  ---------------

Current thread (0x0000013e6c434d70):  JavaThread "main"             [_thread_in_native, id=15688, stack(0x0000002d56200000,0x0000002d56300000) (1024K)]

Stack: [0x0000002d56200000,0x0000002d56300000],  sp=0x0000002d562ff0b0,  free space=1020k
Native frames: (J=compiled Java code, j=interpreted, Vv=VM code, C=native code)
C  [pixelgameEngineWrapper8572774365592789776.dll+0x1a500]

Java frames: (J=compiled Java code, j=interpreted, Vv=VM code)
j  org.kurodev.jpixelgameengine.PixelGameEngineNativeImpl.construct(IIIIZZZZLorg/kurodev/jpixelgameengine/PixelGameEngineWrapper;)Z+0
j  org.kurodev.jpixelgameengine.PixelGameEngineWrapper.<init>()V+25
j  org.kurodev.jpixelgameengine.PixelGameEngineWrapper.getInstance()Lorg/kurodev/jpixelgameengine/PixelGameEngineWrapper;+10
j  org.kurodev.Main.main([Ljava/lang/String;)V+0
v  ~StubRoutines::call_stub 0x0000013e0745100d

siginfo: EXCEPTION_ACCESS_VIOLATION (0xc0000005), writing address 0x0000000000000001


Registers:
RAX=0x000000000000002d, RBX=0x00007ffb49bf689e, RCX=0x000000000000006e, RDX=0x0000000000000001
RSP=0x0000002d562ff0b0, RBP=0x0000002d562ff220, RSI=0x00007ffb49bf689e, RDI=0x0000000000006000
R8 =0x0000000000000001, R9 =0x0000013e6c600b78, R10=0x0000000000000000, R11=0x0000000000000000
R12=0x00007ffb49bf86e0, R13=0x00007ffb49bf689f, R14=0x0000002d562ff12c, R15=0x0000000000000000
RIP=0x00007ffb49bca500, EFLAGS=0x0000000000010293


Register to memory mapping:

RAX=0x000000000000002d is an unknown value
RBX=0x00007ffb49bf689e pixelgameEngineWrapper8572774365592789776.dll
RCX=0x000000000000006e is an unknown value
RDX=0x0000000000000001 is an unknown value
RSP=0x0000002d562ff0b0 is pointing into the stack for thread: 0x0000013e6c434d70
RBP=0x0000002d562ff220 is pointing into the stack for thread: 0x0000013e6c434d70
RSI=0x00007ffb49bf689e pixelgameEngineWrapper8572774365592789776.dll
RDI=0x0000000000006000 is an unknown value
R8 =0x0000000000000001 is an unknown value
R9 =0x0000013e6c600b78 points into unknown readable memory: 0x0000000000002b7c | 7c 2b 00 00 00 00 00 00
R10=0x0 is null
R11=0x0 is null
R12=0x00007ffb49bf86e0 pixelgameEngineWrapper8572774365592789776.dll
R13=0x00007ffb49bf689f pixelgameEngineWrapper8572774365592789776.dll
R14=0x0000002d562ff12c is pointing into the stack for thread: 0x0000013e6c434d70
R15=0x0 is null

Top of Stack: (sp=0x0000002d562ff0b0)
0x0000002d562ff0b0:   00007ffb49bf689d 00007ffbaa6afa30
0x0000002d562ff0c0:   000000000000002c 0000000000000003
0x0000002d562ff0d0:   0000013e5d0c7be0 00007ffb49bf684a
0x0000002d562ff0e0:   00007ffb49bf6847 00007ffb49bf684a
0x0000002d562ff0f0:   0000002d562ff130 00007ffb49beba31
0x0000002d562ff100:   0000013e5d0c7be0 00007ffb49bf6847
0x0000002d562ff110:   00007ffb49bf684a 0000000000000000
0x0000002d562ff120:   00007ffbaa6afa30 ffffffff00006000
0x0000002d562ff130:   fffffffdffffffff 0000000049bc0000
0x0000002d562ff140:   0000002d562f0000 ffffffff00000000
0x0000002d562ff150:   0000002d562ff17f 00007ffb49bf6870
0x0000002d562ff160:   0000002d562ff208 0000000000000001
0x0000002d562ff170:   0000002d562ff270 0000000000000000
0x0000002d562ff180:   0000013e584096d8 0000002d562ff3b0
0x0000002d562ff190:   0000013e6c434d70 00007ffb49bc7fbb
0x0000002d562ff1a0:   0000002d562ff1e0 00007ffb49bcec4b
0x0000002d562ff1b0:   0000013e5d0c7bb0 0000013e6c435128
0x0000002d562ff1c0:   0000002d562ff208 00007ffb49bf685d
0x0000002d562ff1d0:   00007ffb49bf6847 0000002d562ff208
0x0000002d562ff1e0:   0000013e6e64b890 0000013e5d0c71b0
0x0000002d562ff1f0:   0000000000000001 00007ffb49bc6561
0x0000002d562ff200:   0000013e5d0c71b0 0000000000000032
0x0000002d562ff210:   0000000000000032 0000000000000001
0x0000002d562ff220:   0000002d562ff350 00007ffb3f366675
0x0000002d562ff230:   0000013e074745f8 0000018888955549
0x0000002d562ff240:   0000013e6c434d70 0000013e58409858
0x0000002d562ff250:   0000010058409601 000001006c434d00
0x0000002d562ff260:   0000000000001888 0000003200000032
0x0000002d562ff270:   0000013e584096d8 0000013e584096d8
0x0000002d562ff280:   0000000000000001 0000000000001888
0x0000002d562ff290:   0000002d562ff350 0000013e0745ce0b
0x0000002d562ff2a0:   0000013e6c435128 0000002d562ff360 

Instructions: (pc=0x00007ffb49bca500)
0x00007ffb49bca400:   4c 89 eb e9 54 fc ff ff 8b 44 24 78 48 8b 55 00
0x00007ffb49bca410:   48 83 c5 08 83 c8 20 89 44 24 78 a8 04 0f 84 d6
0x00007ffb49bca420:   03 00 00 db 2a 48 8d 4c 24 40 48 8d 54 24 70 db
0x00007ffb49bca430:   7c 24 40 e8 e8 f4 ff ff eb c6 0f b6 46 01 3c 68
0x00007ffb49bca440:   0f 84 c2 05 00 00 4c 89 ee 41 bb 01 00 00 00 41
0x00007ffb49bca450:   ba 04 00 00 00 e9 ed fc ff ff 8b 44 24 78 48 8b
0x00007ffb49bca460:   55 00 48 83 c5 08 83 c8 20 89 44 24 78 a8 04 0f
0x00007ffb49bca470:   84 1a 03 00 00 db 2a 48 8d 4c 24 40 48 8d 54 24
0x00007ffb49bca480:   70 db 7c 24 40 e8 16 f3 ff ff e9 71 ff ff ff 44
0x00007ffb49bca490:   89 f9 4c 89 eb e8 de 41 00 00 48 8d 54 24 70 48
0x00007ffb49bca4a0:   89 c1 e8 99 df ff ff e9 b0 fb ff ff 0f b6 46 01
0x00007ffb49bca4b0:   3c 6c 0f 84 37 05 00 00 4c 89 ee 41 bb 02 00 00
0x00007ffb49bca4c0:   00 41 ba 04 00 00 00 e9 7b fc ff ff 48 8b 55 00
0x00007ffb49bca4d0:   48 63 84 24 94 00 00 00 48 83 c5 08 41 83 fb 05
0x00007ffb49bca4e0:   0f 84 02 05 00 00 41 83 fb 01 0f 84 48 05 00 00
0x00007ffb49bca4f0:   41 83 fb 02 74 0a 41 83 fb 03 0f 84 3d 04 00 00
0x00007ffb49bca500:   89 02 e9 f9 fe ff ff 45 85 d2 0f 85 30 fc ff ff
0x00007ffb49bca510:   83 4c 24 78 40 0f b6 46 01 4c 89 ee e9 26 fc ff
0x00007ffb49bca520:   ff 45 85 d2 0f 85 16 fc ff ff 81 4c 24 78 00 08
0x00007ffb49bca530:   00 00 0f b6 46 01 4c 89 ee e9 09 fc ff ff 8b 44
0x00007ffb49bca540:   24 78 8b 9c 24 94 00 00 00 f6 c4 40 75 09 39 9c
0x00007ffb49bca550:   24 98 00 00 00 7e 15 48 8b 54 24 70 f6 c4 20 0f
0x00007ffb49bca560:   85 bc 04 00 00 48 63 c3 c6 04 02 25 83 c3 01 89
0x00007ffb49bca570:   9c 24 94 00 00 00 4c 89 eb e9 de fa ff ff 45 85
0x00007ffb49bca580:   d2 0f 85 b9 fb ff ff 44 89 54 24 3c 44 89 5c 24
0x00007ffb49bca590:   20 81 4c 24 78 00 10 00 00 48 c7 44 24 60 00 00
0x00007ffb49bca5a0:   00 00 e8 99 40 00 00 48 8d 4c 24 5e 4c 8d 4c 24
0x00007ffb49bca5b0:   60 41 b8 10 00 00 00 48 8b 50 08 e8 d0 36 00 00
0x00007ffb49bca5c0:   44 8b 5c 24 20 44 8b 54 24 3c 85 c0 7e 0d 0f b7
0x00007ffb49bca5d0:   54 24 5e 66 89 94 24 90 00 00 00 89 84 24 8c 00
0x00007ffb49bca5e0:   00 00 0f b6 46 01 4c 89 ee e9 59 fb ff ff 4d 85
0x00007ffb49bca5f0:   f6 74 75 41 f7 c2 fd ff ff ff 0f 85 ca 02 00 00 


Stack slot to memory mapping:

stack at sp + 0 slots: 0x00007ffb49bf689d pixelgameEngineWrapper8572774365592789776.dll
stack at sp + 1 slots: 0x00007ffbaa6afa30 msvcrt.dll
stack at sp + 2 slots: 0x000000000000002c is an unknown value
stack at sp + 3 slots: 0x0000000000000003 is an unknown value
stack at sp + 4 slots: 0x0000013e5d0c7be0 points into unknown readable memory: 0x0000013e5d0c7bf0 | f0 7b 0c 5d 3e 01 00 00
stack at sp + 5 slots: 0x00007ffb49bf684a pixelgameEngineWrapper8572774365592789776.dll
stack at sp + 6 slots: 0x00007ffb49bf6847 pixelgameEngineWrapper8572774365592789776.dll
stack at sp + 7 slots: 0x00007ffb49bf684a pixelgameEngineWrapper8572774365592789776.dll


---------------  P R O C E S S  ---------------

Threads class SMR info:
_java_thread_list=0x0000013e5c6a8480, length=19, elements={
0x0000013e6c434d70, 0x0000013e5c10f8b0, 0x0000013e5c1117e0, 0x0000013e5c1135b0,
0x0000013e5c1162a0, 0x0000013e5c116d00, 0x0000013e5c117760, 0x0000013e5c122510,
0x0000013e5c12f1d0, 0x0000013e5c23f0e0, 0x0000013e5c12f8a0, 0x0000013e5c3d1c50,
0x0000013e5c3d2ad0, 0x0000013e5c12dd60, 0x0000013e5c130640, 0x0000013e5c130d10,
0x0000013e5c1313e0, 0x0000013e5c12ff70, 0x0000013e5c12e430
}

Java Threads: ( => current thread )
=>0x0000013e6c434d70 JavaThread "main"                              [_thread_in_native, id=15688, stack(0x0000002d56200000,0x0000002d56300000) (1024K)]
  0x0000013e5c10f8b0 JavaThread "Reference Handler"          daemon [_thread_blocked, id=13584, stack(0x0000002d56a00000,0x0000002d56b00000) (1024K)]
  0x0000013e5c1117e0 JavaThread "Finalizer"                  daemon [_thread_blocked, id=12580, stack(0x0000002d56b00000,0x0000002d56c00000) (1024K)]
  0x0000013e5c1135b0 JavaThread "Signal Dispatcher"          daemon [_thread_blocked, id=12532, stack(0x0000002d56c00000,0x0000002d56d00000) (1024K)]
  0x0000013e5c1162a0 JavaThread "Attach Listener"            daemon [_thread_in_vm, id=20416, stack(0x0000002d56d00000,0x0000002d56e00000) (1024K)]
  0x0000013e5c116d00 JavaThread "Service Thread"             daemon [_thread_blocked, id=20432, stack(0x0000002d56e00000,0x0000002d56f00000) (1024K)]
  0x0000013e5c117760 JavaThread "Monitor Deflation Thread"   daemon [_thread_blocked, id=20716, stack(0x0000002d56f00000,0x0000002d57000000) (1024K)]
  0x0000013e5c122510 JavaThread "C2 CompilerThread0"         daemon [_thread_blocked, id=13772, stack(0x0000002d57000000,0x0000002d57100000) (1024K)]
  0x0000013e5c12f1d0 JavaThread "C1 CompilerThread0"         daemon [_thread_blocked, id=17760, stack(0x0000002d57100000,0x0000002d57200000) (1024K)]
  0x0000013e5c23f0e0 JavaThread "Common-Cleaner"             daemon [_thread_blocked, id=12020, stack(0x0000002d57200000,0x0000002d57300000) (1024K)]
  0x0000013e5c12f8a0 JavaThread "C1 CompilerThread1"         daemon [_thread_blocked, id=9436, stack(0x0000002d57300000,0x0000002d57400000) (1024K)]
  0x0000013e5c3d1c50 JavaThread "Monitor Ctrl-Break"         daemon [_thread_in_native, id=6088, stack(0x0000002d57400000,0x0000002d57500000) (1024K)]
  0x0000013e5c3d2ad0 JavaThread "Notification Thread"        daemon [_thread_blocked, id=19664, stack(0x0000002d57500000,0x0000002d57600000) (1024K)]
  0x0000013e5c12dd60 JavaThread "C1 CompilerThread2"         daemon [_thread_blocked, id=20616, stack(0x0000002d57600000,0x0000002d57700000) (1024K)]
  0x0000013e5c130640 JavaThread "C1 CompilerThread3"         daemon [_thread_blocked, id=16196, stack(0x0000002d57700000,0x0000002d57800000) (1024K)]
  0x0000013e5c130d10 JavaThread "C2 CompilerThread1"         daemon [_thread_blocked, id=9444, stack(0x0000002d57800000,0x0000002d57900000) (1024K)]
  0x0000013e5c1313e0 JavaThread "C2 CompilerThread2"         daemon [_thread_blocked, id=13960, stack(0x0000002d57900000,0x0000002d57a00000) (1024K)]
  0x0000013e5c12ff70 JavaThread "C2 CompilerThread3"         daemon [_thread_blocked, id=13476, stack(0x0000002d57b00000,0x0000002d57c00000) (1024K)]
  0x0000013e5c12e430 JavaThread "C2 CompilerThread4"         daemon [_thread_in_native, id=14668, stack(0x0000002d57c00000,0x0000002d57d00000) (1024K)]
Total: 19

Other Threads:
  0x0000013e7bb4f7e0 VMThread "VM Thread"                           [id=13112, stack(0x0000002d56900000,0x0000002d56a00000) (1024K)]
  0x0000013e7bb3a1d0 WatcherThread "VM Periodic Task Thread"        [id=9952, stack(0x0000002d56800000,0x0000002d56900000) (1024K)]
  0x0000013e6e6f5ad0 WorkerThread "GC Thread#0"                     [id=208, stack(0x0000002d56300000,0x0000002d56400000) (1024K)]
  0x0000013e6e706be0 ConcurrentGCThread "G1 Main Marker"            [id=20528, stack(0x0000002d56400000,0x0000002d56500000) (1024K)]
  0x0000013e6e7076e0 WorkerThread "G1 Conc#0"                       [id=2512, stack(0x0000002d56500000,0x0000002d56600000) (1024K)]
  0x0000013e7b9f21d0 ConcurrentGCThread "G1 Refine#0"               [id=21116, stack(0x0000002d56600000,0x0000002d56700000) (1024K)]
  0x0000013e7b9f2d40 ConcurrentGCThread "G1 Service"                [id=13928, stack(0x0000002d56700000,0x0000002d56800000) (1024K)]
Total: 7

Threads with active compile tasks:
C2 CompilerThread4      297 1152       4       java.lang.StringLatin1::replace (198 bytes)
Total: 1

VM state: not at safepoint (normal execution)

VM Mutex/Monitor currently owned by a thread: None

Heap address: 0x0000000601000000, size: 8176 MB, Compressed Oops mode: Zero based, Oop shift amount: 3

CDS archive(s) mapped at: [0x0000013e17000000-0x0000013e17c90000-0x0000013e17c90000), size 13172736, SharedBaseAddress: 0x0000013e17000000, ArchiveRelocationMode: 1.
Compressed class space mapped at: 0x0000013e18000000-0x0000013e58000000, reserved size: 1073741824
Narrow klass base: 0x0000013e17000000, Narrow klass shift: 0, Narrow klass range: 0x100000000

GC Precious Log:
 CardTable entry size: 512
 Card Set container configuration: InlinePtr #cards 4 size 8 Array Of Cards #cards 32 size 80 Howl #buckets 8 coarsen threshold 7372 Howl Bitmap #cards 1024 size 144 coarsen threshold 921 Card regions per heap region 1 cards per card region 8192
 CPUs: 16 total, 16 available
 Memory: 32689M
 Large Page Support: Disabled
 NUMA Support: Disabled
 Compressed Oops: Enabled (Zero based)
 Heap Region Size: 4M
 Heap Min Capacity: 8M
 Heap Initial Capacity: 512M
 Heap Max Capacity: 8176M
 Pre-touch: Disabled
 Parallel Workers: 13
 Concurrent Workers: 3
 Concurrent Refinement Workers: 13
 Periodic GC: Disabled

Heap:
 garbage-first heap   total 524288K, used 12288K [0x0000000601000000, 0x0000000800000000)
  region size 4096K, 4 young (16384K), 0 survivors (0K)
 Metaspace       used 5663K, committed 5760K, reserved 1114112K
  class space    used 582K, committed 640K, reserved 1048576K

Heap Regions: E=young(eden), S=young(survivor), O=old, HS=humongous(starts), HC=humongous(continues), CS=collection set, F=free, TAMS=top-at-mark-start, PB=parsable bottom
|   0|0x0000000601000000, 0x0000000601000000, 0x0000000601400000|  0%| F|  |TAMS 0x0000000601000000| PB 0x0000000601000000| Untracked 
|   1|0x0000000601400000, 0x0000000601400000, 0x0000000601800000|  0%| F|  |TAMS 0x0000000601400000| PB 0x0000000601400000| Untracked 
|   2|0x0000000601800000, 0x0000000601800000, 0x0000000601c00000|  0%| F|  |TAMS 0x0000000601800000| PB 0x0000000601800000| Untracked 
|   3|0x0000000601c00000, 0x0000000601c00000, 0x0000000602000000|  0%| F|  |TAMS 0x0000000601c00000| PB 0x0000000601c00000| Untracked 
|   4|0x0000000602000000, 0x0000000602000000, 0x0000000602400000|  0%| F|  |TAMS 0x0000000602000000| PB 0x0000000602000000| Untracked 
|   5|0x0000000602400000, 0x0000000602400000, 0x0000000602800000|  0%| F|  |TAMS 0x0000000602400000| PB 0x0000000602400000| Untracked 
|   6|0x0000000602800000, 0x0000000602800000, 0x0000000602c00000|  0%| F|  |TAMS 0x0000000602800000| PB 0x0000000602800000| Untracked 
|   7|0x0000000602c00000, 0x0000000602c00000, 0x0000000603000000|  0%| F|  |TAMS 0x0000000602c00000| PB 0x0000000602c00000| Untracked 
|   8|0x0000000603000000, 0x0000000603000000, 0x0000000603400000|  0%| F|  |TAMS 0x0000000603000000| PB 0x0000000603000000| Untracked 
|   9|0x0000000603400000, 0x0000000603400000, 0x0000000603800000|  0%| F|  |TAMS 0x0000000603400000| PB 0x0000000603400000| Untracked 
|  10|0x0000000603800000, 0x0000000603800000, 0x0000000603c00000|  0%| F|  |TAMS 0x0000000603800000| PB 0x0000000603800000| Untracked 
|  11|0x0000000603c00000, 0x0000000603c00000, 0x0000000604000000|  0%| F|  |TAMS 0x0000000603c00000| PB 0x0000000603c00000| Untracked 
|  12|0x0000000604000000, 0x0000000604000000, 0x0000000604400000|  0%| F|  |TAMS 0x0000000604000000| PB 0x0000000604000000| Untracked 
|  13|0x0000000604400000, 0x0000000604400000, 0x0000000604800000|  0%| F|  |TAMS 0x0000000604400000| PB 0x0000000604400000| Untracked 
|  14|0x0000000604800000, 0x0000000604800000, 0x0000000604c00000|  0%| F|  |TAMS 0x0000000604800000| PB 0x0000000604800000| Untracked 
|  15|0x0000000604c00000, 0x0000000604c00000, 0x0000000605000000|  0%| F|  |TAMS 0x0000000604c00000| PB 0x0000000604c00000| Untracked 
|  16|0x0000000605000000, 0x0000000605000000, 0x0000000605400000|  0%| F|  |TAMS 0x0000000605000000| PB 0x0000000605000000| Untracked 
|  17|0x0000000605400000, 0x0000000605400000, 0x0000000605800000|  0%| F|  |TAMS 0x0000000605400000| PB 0x0000000605400000| Untracked 
|  18|0x0000000605800000, 0x0000000605800000, 0x0000000605c00000|  0%| F|  |TAMS 0x0000000605800000| PB 0x0000000605800000| Untracked 
|  19|0x0000000605c00000, 0x0000000605c00000, 0x0000000606000000|  0%| F|  |TAMS 0x0000000605c00000| PB 0x0000000605c00000| Untracked 
|  20|0x0000000606000000, 0x0000000606000000, 0x0000000606400000|  0%| F|  |TAMS 0x0000000606000000| PB 0x0000000606000000| Untracked 
|  21|0x0000000606400000, 0x0000000606400000, 0x0000000606800000|  0%| F|  |TAMS 0x0000000606400000| PB 0x0000000606400000| Untracked 
|  22|0x0000000606800000, 0x0000000606800000, 0x0000000606c00000|  0%| F|  |TAMS 0x0000000606800000| PB 0x0000000606800000| Untracked 
|  23|0x0000000606c00000, 0x0000000606c00000, 0x0000000607000000|  0%| F|  |TAMS 0x0000000606c00000| PB 0x0000000606c00000| Untracked 
|  24|0x0000000607000000, 0x0000000607000000, 0x0000000607400000|  0%| F|  |TAMS 0x0000000607000000| PB 0x0000000607000000| Untracked 
|  25|0x0000000607400000, 0x0000000607400000, 0x0000000607800000|  0%| F|  |TAMS 0x0000000607400000| PB 0x0000000607400000| Untracked 
|  26|0x0000000607800000, 0x0000000607800000, 0x0000000607c00000|  0%| F|  |TAMS 0x0000000607800000| PB 0x0000000607800000| Untracked 
|  27|0x0000000607c00000, 0x0000000607c00000, 0x0000000608000000|  0%| F|  |TAMS 0x0000000607c00000| PB 0x0000000607c00000| Untracked 
|  28|0x0000000608000000, 0x0000000608000000, 0x0000000608400000|  0%| F|  |TAMS 0x0000000608000000| PB 0x0000000608000000| Untracked 
|  29|0x0000000608400000, 0x0000000608400000, 0x0000000608800000|  0%| F|  |TAMS 0x0000000608400000| PB 0x0000000608400000| Untracked 
|  30|0x0000000608800000, 0x0000000608800000, 0x0000000608c00000|  0%| F|  |TAMS 0x0000000608800000| PB 0x0000000608800000| Untracked 
|  31|0x0000000608c00000, 0x0000000608c00000, 0x0000000609000000|  0%| F|  |TAMS 0x0000000608c00000| PB 0x0000000608c00000| Untracked 
|  32|0x0000000609000000, 0x0000000609000000, 0x0000000609400000|  0%| F|  |TAMS 0x0000000609000000| PB 0x0000000609000000| Untracked 
|  33|0x0000000609400000, 0x0000000609400000, 0x0000000609800000|  0%| F|  |TAMS 0x0000000609400000| PB 0x0000000609400000| Untracked 
|  34|0x0000000609800000, 0x0000000609800000, 0x0000000609c00000|  0%| F|  |TAMS 0x0000000609800000| PB 0x0000000609800000| Untracked 
|  35|0x0000000609c00000, 0x0000000609c00000, 0x000000060a000000|  0%| F|  |TAMS 0x0000000609c00000| PB 0x0000000609c00000| Untracked 
|  36|0x000000060a000000, 0x000000060a000000, 0x000000060a400000|  0%| F|  |TAMS 0x000000060a000000| PB 0x000000060a000000| Untracked 
|  37|0x000000060a400000, 0x000000060a400000, 0x000000060a800000|  0%| F|  |TAMS 0x000000060a400000| PB 0x000000060a400000| Untracked 
|  38|0x000000060a800000, 0x000000060a800000, 0x000000060ac00000|  0%| F|  |TAMS 0x000000060a800000| PB 0x000000060a800000| Untracked 
|  39|0x000000060ac00000, 0x000000060ac00000, 0x000000060b000000|  0%| F|  |TAMS 0x000000060ac00000| PB 0x000000060ac00000| Untracked 
|  40|0x000000060b000000, 0x000000060b000000, 0x000000060b400000|  0%| F|  |TAMS 0x000000060b000000| PB 0x000000060b000000| Untracked 
|  41|0x000000060b400000, 0x000000060b400000, 0x000000060b800000|  0%| F|  |TAMS 0x000000060b400000| PB 0x000000060b400000| Untracked 
|  42|0x000000060b800000, 0x000000060b800000, 0x000000060bc00000|  0%| F|  |TAMS 0x000000060b800000| PB 0x000000060b800000| Untracked 
|  43|0x000000060bc00000, 0x000000060bc00000, 0x000000060c000000|  0%| F|  |TAMS 0x000000060bc00000| PB 0x000000060bc00000| Untracked 
|  44|0x000000060c000000, 0x000000060c000000, 0x000000060c400000|  0%| F|  |TAMS 0x000000060c000000| PB 0x000000060c000000| Untracked 
|  45|0x000000060c400000, 0x000000060c400000, 0x000000060c800000|  0%| F|  |TAMS 0x000000060c400000| PB 0x000000060c400000| Untracked 
|  46|0x000000060c800000, 0x000000060c800000, 0x000000060cc00000|  0%| F|  |TAMS 0x000000060c800000| PB 0x000000060c800000| Untracked 
|  47|0x000000060cc00000, 0x000000060cc00000, 0x000000060d000000|  0%| F|  |TAMS 0x000000060cc00000| PB 0x000000060cc00000| Untracked 
|  48|0x000000060d000000, 0x000000060d000000, 0x000000060d400000|  0%| F|  |TAMS 0x000000060d000000| PB 0x000000060d000000| Untracked 
|  49|0x000000060d400000, 0x000000060d400000, 0x000000060d800000|  0%| F|  |TAMS 0x000000060d400000| PB 0x000000060d400000| Untracked 
|  50|0x000000060d800000, 0x000000060d800000, 0x000000060dc00000|  0%| F|  |TAMS 0x000000060d800000| PB 0x000000060d800000| Untracked 
|  51|0x000000060dc00000, 0x000000060dc00000, 0x000000060e000000|  0%| F|  |TAMS 0x000000060dc00000| PB 0x000000060dc00000| Untracked 
|  52|0x000000060e000000, 0x000000060e000000, 0x000000060e400000|  0%| F|  |TAMS 0x000000060e000000| PB 0x000000060e000000| Untracked 
|  53|0x000000060e400000, 0x000000060e400000, 0x000000060e800000|  0%| F|  |TAMS 0x000000060e400000| PB 0x000000060e400000| Untracked 
|  54|0x000000060e800000, 0x000000060e800000, 0x000000060ec00000|  0%| F|  |TAMS 0x000000060e800000| PB 0x000000060e800000| Untracked 
|  55|0x000000060ec00000, 0x000000060ec00000, 0x000000060f000000|  0%| F|  |TAMS 0x000000060ec00000| PB 0x000000060ec00000| Untracked 
|  56|0x000000060f000000, 0x000000060f000000, 0x000000060f400000|  0%| F|  |TAMS 0x000000060f000000| PB 0x000000060f000000| Untracked 
|  57|0x000000060f400000, 0x000000060f400000, 0x000000060f800000|  0%| F|  |TAMS 0x000000060f400000| PB 0x000000060f400000| Untracked 
|  58|0x000000060f800000, 0x000000060f800000, 0x000000060fc00000|  0%| F|  |TAMS 0x000000060f800000| PB 0x000000060f800000| Untracked 
|  59|0x000000060fc00000, 0x000000060fc00000, 0x0000000610000000|  0%| F|  |TAMS 0x000000060fc00000| PB 0x000000060fc00000| Untracked 
|  60|0x0000000610000000, 0x0000000610000000, 0x0000000610400000|  0%| F|  |TAMS 0x0000000610000000| PB 0x0000000610000000| Untracked 
|  61|0x0000000610400000, 0x0000000610400000, 0x0000000610800000|  0%| F|  |TAMS 0x0000000610400000| PB 0x0000000610400000| Untracked 
|  62|0x0000000610800000, 0x0000000610800000, 0x0000000610c00000|  0%| F|  |TAMS 0x0000000610800000| PB 0x0000000610800000| Untracked 
|  63|0x0000000610c00000, 0x0000000610c00000, 0x0000000611000000|  0%| F|  |TAMS 0x0000000610c00000| PB 0x0000000610c00000| Untracked 
|  64|0x0000000611000000, 0x0000000611000000, 0x0000000611400000|  0%| F|  |TAMS 0x0000000611000000| PB 0x0000000611000000| Untracked 
|  65|0x0000000611400000, 0x0000000611400000, 0x0000000611800000|  0%| F|  |TAMS 0x0000000611400000| PB 0x0000000611400000| Untracked 
|  66|0x0000000611800000, 0x0000000611800000, 0x0000000611c00000|  0%| F|  |TAMS 0x0000000611800000| PB 0x0000000611800000| Untracked 
|  67|0x0000000611c00000, 0x0000000611c00000, 0x0000000612000000|  0%| F|  |TAMS 0x0000000611c00000| PB 0x0000000611c00000| Untracked 
|  68|0x0000000612000000, 0x0000000612000000, 0x0000000612400000|  0%| F|  |TAMS 0x0000000612000000| PB 0x0000000612000000| Untracked 
|  69|0x0000000612400000, 0x0000000612400000, 0x0000000612800000|  0%| F|  |TAMS 0x0000000612400000| PB 0x0000000612400000| Untracked 
|  70|0x0000000612800000, 0x0000000612800000, 0x0000000612c00000|  0%| F|  |TAMS 0x0000000612800000| PB 0x0000000612800000| Untracked 
|  71|0x0000000612c00000, 0x0000000612c00000, 0x0000000613000000|  0%| F|  |TAMS 0x0000000612c00000| PB 0x0000000612c00000| Untracked 
|  72|0x0000000613000000, 0x0000000613000000, 0x0000000613400000|  0%| F|  |TAMS 0x0000000613000000| PB 0x0000000613000000| Untracked 
|  73|0x0000000613400000, 0x0000000613400000, 0x0000000613800000|  0%| F|  |TAMS 0x0000000613400000| PB 0x0000000613400000| Untracked 
|  74|0x0000000613800000, 0x0000000613800000, 0x0000000613c00000|  0%| F|  |TAMS 0x0000000613800000| PB 0x0000000613800000| Untracked 
|  75|0x0000000613c00000, 0x0000000613c00000, 0x0000000614000000|  0%| F|  |TAMS 0x0000000613c00000| PB 0x0000000613c00000| Untracked 
|  76|0x0000000614000000, 0x0000000614000000, 0x0000000614400000|  0%| F|  |TAMS 0x0000000614000000| PB 0x0000000614000000| Untracked 
|  77|0x0000000614400000, 0x0000000614400000, 0x0000000614800000|  0%| F|  |TAMS 0x0000000614400000| PB 0x0000000614400000| Untracked 
|  78|0x0000000614800000, 0x0000000614800000, 0x0000000614c00000|  0%| F|  |TAMS 0x0000000614800000| PB 0x0000000614800000| Untracked 
|  79|0x0000000614c00000, 0x0000000614c00000, 0x0000000615000000|  0%| F|  |TAMS 0x0000000614c00000| PB 0x0000000614c00000| Untracked 
|  80|0x0000000615000000, 0x0000000615000000, 0x0000000615400000|  0%| F|  |TAMS 0x0000000615000000| PB 0x0000000615000000| Untracked 
|  81|0x0000000615400000, 0x0000000615400000, 0x0000000615800000|  0%| F|  |TAMS 0x0000000615400000| PB 0x0000000615400000| Untracked 
|  82|0x0000000615800000, 0x0000000615800000, 0x0000000615c00000|  0%| F|  |TAMS 0x0000000615800000| PB 0x0000000615800000| Untracked 
|  83|0x0000000615c00000, 0x0000000615c00000, 0x0000000616000000|  0%| F|  |TAMS 0x0000000615c00000| PB 0x0000000615c00000| Untracked 
|  84|0x0000000616000000, 0x0000000616000000, 0x0000000616400000|  0%| F|  |TAMS 0x0000000616000000| PB 0x0000000616000000| Untracked 
|  85|0x0000000616400000, 0x0000000616400000, 0x0000000616800000|  0%| F|  |TAMS 0x0000000616400000| PB 0x0000000616400000| Untracked 
|  86|0x0000000616800000, 0x0000000616800000, 0x0000000616c00000|  0%| F|  |TAMS 0x0000000616800000| PB 0x0000000616800000| Untracked 
|  87|0x0000000616c00000, 0x0000000616c00000, 0x0000000617000000|  0%| F|  |TAMS 0x0000000616c00000| PB 0x0000000616c00000| Untracked 
|  88|0x0000000617000000, 0x0000000617000000, 0x0000000617400000|  0%| F|  |TAMS 0x0000000617000000| PB 0x0000000617000000| Untracked 
|  89|0x0000000617400000, 0x0000000617400000, 0x0000000617800000|  0%| F|  |TAMS 0x0000000617400000| PB 0x0000000617400000| Untracked 
|  90|0x0000000617800000, 0x0000000617800000, 0x0000000617c00000|  0%| F|  |TAMS 0x0000000617800000| PB 0x0000000617800000| Untracked 
|  91|0x0000000617c00000, 0x0000000617c00000, 0x0000000618000000|  0%| F|  |TAMS 0x0000000617c00000| PB 0x0000000617c00000| Untracked 
|  92|0x0000000618000000, 0x0000000618000000, 0x0000000618400000|  0%| F|  |TAMS 0x0000000618000000| PB 0x0000000618000000| Untracked 
|  93|0x0000000618400000, 0x0000000618400000, 0x0000000618800000|  0%| F|  |TAMS 0x0000000618400000| PB 0x0000000618400000| Untracked 
|  94|0x0000000618800000, 0x0000000618800000, 0x0000000618c00000|  0%| F|  |TAMS 0x0000000618800000| PB 0x0000000618800000| Untracked 
|  95|0x0000000618c00000, 0x0000000618c00000, 0x0000000619000000|  0%| F|  |TAMS 0x0000000618c00000| PB 0x0000000618c00000| Untracked 
|  96|0x0000000619000000, 0x0000000619000000, 0x0000000619400000|  0%| F|  |TAMS 0x0000000619000000| PB 0x0000000619000000| Untracked 
|  97|0x0000000619400000, 0x0000000619400000, 0x0000000619800000|  0%| F|  |TAMS 0x0000000619400000| PB 0x0000000619400000| Untracked 
|  98|0x0000000619800000, 0x0000000619800000, 0x0000000619c00000|  0%| F|  |TAMS 0x0000000619800000| PB 0x0000000619800000| Untracked 
|  99|0x0000000619c00000, 0x0000000619c00000, 0x000000061a000000|  0%| F|  |TAMS 0x0000000619c00000| PB 0x0000000619c00000| Untracked 
| 100|0x000000061a000000, 0x000000061a000000, 0x000000061a400000|  0%| F|  |TAMS 0x000000061a000000| PB 0x000000061a000000| Untracked 
| 101|0x000000061a400000, 0x000000061a400000, 0x000000061a800000|  0%| F|  |TAMS 0x000000061a400000| PB 0x000000061a400000| Untracked 
| 102|0x000000061a800000, 0x000000061a800000, 0x000000061ac00000|  0%| F|  |TAMS 0x000000061a800000| PB 0x000000061a800000| Untracked 
| 103|0x000000061ac00000, 0x000000061ac00000, 0x000000061b000000|  0%| F|  |TAMS 0x000000061ac00000| PB 0x000000061ac00000| Untracked 
| 104|0x000000061b000000, 0x000000061b000000, 0x000000061b400000|  0%| F|  |TAMS 0x000000061b000000| PB 0x000000061b000000| Untracked 
| 105|0x000000061b400000, 0x000000061b400000, 0x000000061b800000|  0%| F|  |TAMS 0x000000061b400000| PB 0x000000061b400000| Untracked 
| 106|0x000000061b800000, 0x000000061b800000, 0x000000061bc00000|  0%| F|  |TAMS 0x000000061b800000| PB 0x000000061b800000| Untracked 
| 107|0x000000061bc00000, 0x000000061bc00000, 0x000000061c000000|  0%| F|  |TAMS 0x000000061bc00000| PB 0x000000061bc00000| Untracked 
| 108|0x000000061c000000, 0x000000061c000000, 0x000000061c400000|  0%| F|  |TAMS 0x000000061c000000| PB 0x000000061c000000| Untracked 
| 109|0x000000061c400000, 0x000000061c400000, 0x000000061c800000|  0%| F|  |TAMS 0x000000061c400000| PB 0x000000061c400000| Untracked 
| 110|0x000000061c800000, 0x000000061c800000, 0x000000061cc00000|  0%| F|  |TAMS 0x000000061c800000| PB 0x000000061c800000| Untracked 
| 111|0x000000061cc00000, 0x000000061cc00000, 0x000000061d000000|  0%| F|  |TAMS 0x000000061cc00000| PB 0x000000061cc00000| Untracked 
| 112|0x000000061d000000, 0x000000061d000000, 0x000000061d400000|  0%| F|  |TAMS 0x000000061d000000| PB 0x000000061d000000| Untracked 
| 113|0x000000061d400000, 0x000000061d400000, 0x000000061d800000|  0%| F|  |TAMS 0x000000061d400000| PB 0x000000061d400000| Untracked 
| 114|0x000000061d800000, 0x000000061d800000, 0x000000061dc00000|  0%| F|  |TAMS 0x000000061d800000| PB 0x000000061d800000| Untracked 
| 115|0x000000061dc00000, 0x000000061dc00000, 0x000000061e000000|  0%| F|  |TAMS 0x000000061dc00000| PB 0x000000061dc00000| Untracked 
| 116|0x000000061e000000, 0x000000061e000000, 0x000000061e400000|  0%| F|  |TAMS 0x000000061e000000| PB 0x000000061e000000| Untracked 
| 117|0x000000061e400000, 0x000000061e400000, 0x000000061e800000|  0%| F|  |TAMS 0x000000061e400000| PB 0x000000061e400000| Untracked 
| 118|0x000000061e800000, 0x000000061e800000, 0x000000061ec00000|  0%| F|  |TAMS 0x000000061e800000| PB 0x000000061e800000| Untracked 
| 119|0x000000061ec00000, 0x000000061ec00000, 0x000000061f000000|  0%| F|  |TAMS 0x000000061ec00000| PB 0x000000061ec00000| Untracked 
| 120|0x000000061f000000, 0x000000061f000000, 0x000000061f400000|  0%| F|  |TAMS 0x000000061f000000| PB 0x000000061f000000| Untracked 
| 121|0x000000061f400000, 0x000000061f400000, 0x000000061f800000|  0%| F|  |TAMS 0x000000061f400000| PB 0x000000061f400000| Untracked 
| 122|0x000000061f800000, 0x000000061f800000, 0x000000061fc00000|  0%| F|  |TAMS 0x000000061f800000| PB 0x000000061f800000| Untracked 
| 123|0x000000061fc00000, 0x000000061fc00000, 0x0000000620000000|  0%| F|  |TAMS 0x000000061fc00000| PB 0x000000061fc00000| Untracked 
| 124|0x0000000620000000, 0x0000000620173ee8, 0x0000000620400000| 36%| E|  |TAMS 0x0000000620000000| PB 0x0000000620000000| Complete 
| 125|0x0000000620400000, 0x0000000620800000, 0x0000000620800000|100%| E|CS|TAMS 0x0000000620400000| PB 0x0000000620400000| Complete 
| 126|0x0000000620800000, 0x0000000620c00000, 0x0000000620c00000|100%| E|CS|TAMS 0x0000000620800000| PB 0x0000000620800000| Complete 
| 127|0x0000000620c00000, 0x0000000621000000, 0x0000000621000000|100%| E|CS|TAMS 0x0000000620c00000| PB 0x0000000620c00000| Complete 

Card table byte_map: [0x0000013e78330000,0x0000013e79330000] _byte_map_base: 0x0000013e75328000

Marking Bits: (CMBitMap*) 0x0000013e6e6f61d0
 Bits: [0x0000013e0f000000, 0x0000013e16fc0000)

Polling page: 0x0000013e6de20000

Metaspace:

Usage:
  Non-class:      5.03 MB used.
      Class:    591.23 KB used.
       Both:      5.60 MB used.

Virtual space:
  Non-class space:       64.00 MB reserved,       5.12 MB (  8%) committed,  1 nodes.
      Class space:        1.00 GB reserved,     640.00 KB ( <1%) committed,  1 nodes.
             Both:        1.06 GB reserved,       5.75 MB ( <1%) committed. 

Chunk freelists:
   Non-Class:  10.88 MB
       Class:  15.25 MB
        Both:  26.13 MB

MaxMetaspaceSize: unlimited
CompressedClassSpaceSize: 1.00 GB
Initial GC threshold: 21.00 MB
Current GC threshold: 21.00 MB
CDS: on
 - commit_granule_bytes: 65536.
 - commit_granule_words: 8192.
 - virtual_space_node_default_size: 8388608.
 - enlarge_chunks_in_place: 1.
 - use_allocation_guard: 0.


Internal statistics:

num_allocs_failed_limit: 0.
num_arena_births: 106.
num_arena_deaths: 0.
num_vsnodes_births: 2.
num_vsnodes_deaths: 0.
num_space_committed: 92.
num_space_uncommitted: 0.
num_chunks_returned_to_freelist: 0.
num_chunks_taken_from_freelist: 121.
num_chunk_merges: 0.
num_chunk_splits: 81.
num_chunks_enlarged: 48.
num_inconsistent_stats: 0.

CodeHeap 'non-profiled nmethods': size=119168Kb used=336Kb max_used=336Kb free=118832Kb
 bounds [0x0000013e07ba0000, 0x0000013e07e10000, 0x0000013e0f000000]
CodeHeap 'profiled nmethods': size=119104Kb used=1894Kb max_used=1894Kb free=117209Kb
 bounds [0x0000013e00000000, 0x0000013e00270000, 0x0000013e07450000]
CodeHeap 'non-nmethods': size=7488Kb used=3073Kb max_used=3094Kb free=4414Kb
 bounds [0x0000013e07450000, 0x0000013e07760000, 0x0000013e07ba0000]
 total_blobs=1639 nmethods=1152 adapters=389
 compilation: enabled
              stopped_count=0, restarted_count=0
 full_count=0

Compilation events (20 events):
Event: 0.207 Thread 0x0000013e5c12dd60  867       3       java.nio.Buffer::limit (65 bytes)
Event: 0.208 Thread 0x0000013e5c12f8a0  868       3       jdk.internal.misc.CarrierThreadLocal::get (10 bytes)
Event: 0.208 Thread 0x0000013e5c12dd60 nmethod 867 0x0000013e00143c10 code [0x0000013e00143dc0, 0x0000013e00144080]
Event: 0.208 Thread 0x0000013e5c12f1d0  869       3       java.lang.System$2::getCarrierThreadLocal (5 bytes)
Event: 0.208 Thread 0x0000013e5c130640  870       3       java.lang.ThreadLocal::get (35 bytes)
Event: 0.208 Thread 0x0000013e5c12f8a0 nmethod 868 0x0000013e00144190 code [0x0000013e00144360, 0x0000013e00144620]
Event: 0.208 Thread 0x0000013e5c12f1d0 nmethod 869 0x0000013e00144710 code [0x0000013e001448c0, 0x0000013e00144b18]
Event: 0.208 Thread 0x0000013e5c130640 nmethod 870 0x0000013e00144c10 code [0x0000013e00144de0, 0x0000013e00145108]
Event: 0.208 Thread 0x0000013e5c12dd60  871       3       java.nio.ByteBuffer::limit (8 bytes)
Event: 0.208 Thread 0x0000013e5c12dd60 nmethod 871 0x0000013e00145290 code [0x0000013e00145440, 0x0000013e00145590]
Event: 0.211 Thread 0x0000013e5c122510  872       4       jdk.internal.util.Preconditions::checkFromToIndex (24 bytes)
Event: 0.211 Thread 0x0000013e5c12f8a0  873       3       jdk.internal.util.xml.impl.Parser::ensureCapacity (96 bytes)
Event: 0.211 Thread 0x0000013e5c12dd60  874       3       java.lang.StringConcatHelper::newString (67 bytes)
Event: 0.211 Thread 0x0000013e5c12f1d0  875       3       jdk.internal.util.xml.impl.Parser::bappend (26 bytes)
Event: 0.211 Thread 0x0000013e5c12f1d0 nmethod 875 0x0000013e00145610 code [0x0000013e001457c0, 0x0000013e00145958]
Event: 0.211 Thread 0x0000013e5c12f8a0 nmethod 873 0x0000013e00145a90 code [0x0000013e00145c80, 0x0000013e00146180]
Event: 0.211 Thread 0x0000013e5c12f1d0  876       3       jdk.internal.util.xml.impl.Parser::bappend (200 bytes)
Event: 0.211 Thread 0x0000013e5c12dd60 nmethod 874 0x0000013e00146290 code [0x0000013e00146500, 0x0000013e00146ed8]
Event: 0.211 Thread 0x0000013e5c12dd60  877       3       java.lang.StringLatin1::toLowerCase (186 bytes)
Event: 0.211 Thread 0x0000013e5c122510 nmethod 872 0x0000013e07bdf610 code [0x0000013e07bdf7a0, 0x0000013e07bdf888]

GC Heap History (0 events):
No events

Dll operation events (12 events):
Event: 0.004 Loaded shared library C:\Users\Kuro\.jdks\openjdk-21.0.1\bin\java.dll
Event: 0.030 Loaded shared library C:\Users\Kuro\.jdks\openjdk-21.0.1\bin\jsvml.dll
Event: 0.057 Loaded shared library C:\Users\Kuro\.jdks\openjdk-21.0.1\bin\zip.dll
Event: 0.059 Loaded shared library C:\Users\Kuro\.jdks\openjdk-21.0.1\bin\instrument.dll
Event: 0.063 Loaded shared library C:\Users\Kuro\.jdks\openjdk-21.0.1\bin\net.dll
Event: 0.065 Loaded shared library C:\Users\Kuro\.jdks\openjdk-21.0.1\bin\nio.dll
Event: 0.068 Loaded shared library C:\Users\Kuro\.jdks\openjdk-21.0.1\bin\zip.dll
Event: 0.079 Loaded shared library C:\Users\Kuro\.jdks\openjdk-21.0.1\bin\jimage.dll
Event: 0.083 Loaded shared library C:\Users\Kuro\.jdks\openjdk-21.0.1\bin\extnet.dll
Event: 0.129 Loaded shared library C:\Users\Kuro\.jdks\openjdk-21.0.1\bin\management.dll
Event: 0.138 Loaded shared library C:\Users\Kuro\.jdks\openjdk-21.0.1\bin\management_ext.dll
Event: 0.210 Loaded shared library C:\Users\Kuro\AppData\Local\Temp\pixelgameEngineWrapper8572774365592789776.dll

Deoptimization events (20 events):
Event: 0.115 Thread 0x0000013e5c1162a0 Uncommon trap: trap_request=0xffffff45 fr.pc=0x0000013e07bbfc80 relative=0x0000000000000160
Event: 0.115 Thread 0x0000013e5c1162a0 Uncommon trap: reason=unstable_if action=reinterpret pc=0x0000013e07bbfc80 method=java.util.concurrent.locks.ReentrantLock$NonfairSync.initialTryLock()Z @ 10 c2
Event: 0.115 Thread 0x0000013e5c1162a0 DEOPT PACKING pc=0x0000013e07bbfc80 sp=0x0000002d56dfecb0
Event: 0.115 Thread 0x0000013e5c1162a0 DEOPT UNPACKING pc=0x0000013e074a46a2 sp=0x0000002d56dfec58 mode 2
Event: 0.158 Thread 0x0000013e5c1162a0 Uncommon trap: trap_request=0xffffffde fr.pc=0x0000013e07bc5884 relative=0x0000000000000ba4
Event: 0.158 Thread 0x0000013e5c1162a0 Uncommon trap: reason=class_check action=maybe_recompile pc=0x0000013e07bc5884 method=java.util.HashMap.putVal(ILjava/lang/Object;Ljava/lang/Object;ZZ)Ljava/lang/Object; @ 253 c2
Event: 0.158 Thread 0x0000013e5c1162a0 DEOPT PACKING pc=0x0000013e07bc5884 sp=0x0000002d56dfdf80
Event: 0.158 Thread 0x0000013e5c1162a0 DEOPT UNPACKING pc=0x0000013e074a46a2 sp=0x0000002d56dfded8 mode 2
Event: 0.158 Thread 0x0000013e5c1162a0 Uncommon trap: trap_request=0xffffffde fr.pc=0x0000013e07bc5884 relative=0x0000000000000ba4
Event: 0.158 Thread 0x0000013e5c1162a0 Uncommon trap: reason=class_check action=maybe_recompile pc=0x0000013e07bc5884 method=java.util.HashMap.putVal(ILjava/lang/Object;Ljava/lang/Object;ZZ)Ljava/lang/Object; @ 253 c2
Event: 0.158 Thread 0x0000013e5c1162a0 DEOPT PACKING pc=0x0000013e07bc5884 sp=0x0000002d56dfdf80
Event: 0.158 Thread 0x0000013e5c1162a0 DEOPT UNPACKING pc=0x0000013e074a46a2 sp=0x0000002d56dfded8 mode 2
Event: 0.158 Thread 0x0000013e5c1162a0 Uncommon trap: trap_request=0xffffffde fr.pc=0x0000013e07bc5884 relative=0x0000000000000ba4
Event: 0.158 Thread 0x0000013e5c1162a0 Uncommon trap: reason=class_check action=maybe_recompile pc=0x0000013e07bc5884 method=java.util.HashMap.putVal(ILjava/lang/Object;Ljava/lang/Object;ZZ)Ljava/lang/Object; @ 253 c2
Event: 0.158 Thread 0x0000013e5c1162a0 DEOPT PACKING pc=0x0000013e07bc5884 sp=0x0000002d56dfdf80
Event: 0.158 Thread 0x0000013e5c1162a0 DEOPT UNPACKING pc=0x0000013e074a46a2 sp=0x0000002d56dfded8 mode 2
Event: 0.159 Thread 0x0000013e5c1162a0 Uncommon trap: trap_request=0xffffffde fr.pc=0x0000013e07bc5884 relative=0x0000000000000ba4
Event: 0.159 Thread 0x0000013e5c1162a0 Uncommon trap: reason=class_check action=maybe_recompile pc=0x0000013e07bc5884 method=java.util.HashMap.putVal(ILjava/lang/Object;Ljava/lang/Object;ZZ)Ljava/lang/Object; @ 253 c2
Event: 0.159 Thread 0x0000013e5c1162a0 DEOPT PACKING pc=0x0000013e07bc5884 sp=0x0000002d56dfdf80
Event: 0.159 Thread 0x0000013e5c1162a0 DEOPT UNPACKING pc=0x0000013e074a46a2 sp=0x0000002d56dfded8 mode 2

Classes loaded (20 events):
Event: 0.210 Loading class jdk/internal/org/xml/sax/InputSource
Event: 0.210 Loading class jdk/internal/org/xml/sax/InputSource done
Event: 0.210 Loading class jdk/internal/util/xml/impl/Input
Event: 0.210 Loading class jdk/internal/util/xml/impl/Input done
Event: 0.210 Loading class jdk/jfr/internal/jfc/model/XmlConfiguration
Event: 0.210 Loading class jdk/jfr/internal/jfc/model/XmlElement
Event: 0.210 Loading class jdk/jfr/internal/jfc/model/XmlElement done
Event: 0.210 Loading class jdk/jfr/internal/jfc/model/XmlConfiguration done
Event: 0.210 Loading class jdk/jfr/internal/jfc/model/Utilities
Event: 0.210 Loading class jdk/jfr/internal/jfc/model/Utilities done
Event: 0.210 Loading class jdk/jfr/internal/jfc/model/XmlEvent
Event: 0.210 Loading class jdk/jfr/internal/jfc/model/XmlEvent done
Event: 0.210 Loading class jdk/jfr/internal/jfc/model/Constraint
Event: 0.210 Loading class jdk/jfr/internal/jfc/model/Constraint done
Event: 0.210 Loading class jdk/jfr/internal/jfc/model/XmlControl
Event: 0.210 Loading class jdk/jfr/internal/jfc/model/XmlControl done
Event: 0.211 Loading class jdk/jfr/internal/jfc/model/XmlSetting
Event: 0.211 Loading class jdk/jfr/internal/jfc/model/XmlSetting done
Event: 0.211 Loading class jdk/jfr/internal/jfc/model/SettingsLog
Event: 0.211 Loading class jdk/jfr/internal/jfc/model/SettingsLog done

Classes unloaded (0 events):
No events

Classes redefined (0 events):
No events

Internal exceptions (10 events):
Event: 0.071 Thread 0x0000013e6c434d70 Exception <a 'java/lang/NoSuchMethodError'{0x0000000620fbe838}: 'void java.lang.invoke.DirectMethodHandle$Holder.invokeStatic(java.lang.Object, java.lang.Object, java.lang.Object)'> (0x0000000620fbe838) 
thrown [s\open\src\hotspot\share\interpreter\linkResolver.cpp, line 773]
Event: 0.074 Thread 0x0000013e6c434d70 Exception <a 'java/lang/NoSuchMethodError'{0x0000000620fd5d40}: 'java.lang.Object java.lang.invoke.Invokers$Holder.invokeExact_MT(java.lang.Object, java.lang.Object, java.lang.Object, java.lang.Object, java.lang.Object)'> (0x0000000620fd5d40) 
thrown [s\open\src\hotspot\share\interpreter\linkResolver.cpp, line 773]
Event: 0.084 Thread 0x0000013e5c3d1c50 Exception <a 'java/lang/NoSuchMethodError'{0x00000006208087c0}: 'void java.lang.invoke.DirectMethodHandle$Holder.invokeStatic(java.lang.Object, java.lang.Object)'> (0x00000006208087c0) 
thrown [s\open\src\hotspot\share\interpreter\linkResolver.cpp, line 773]
Event: 0.112 Thread 0x0000013e6c434d70 Exception <a 'java/lang/NoSuchMethodError'{0x00000006209ae630}: 'java.lang.Object java.lang.invoke.DirectMethodHandle$Holder.invokeStaticInit(java.lang.Object, int, int, int, int)'> (0x00000006209ae630) 
thrown [s\open\src\hotspot\share\interpreter\linkResolver.cpp, line 773]
Event: 0.114 Thread 0x0000013e5c1162a0 Exception <a 'java/lang/NoSuchMethodError'{0x0000000620af0930}: 'java.lang.Object java.lang.invoke.Invokers$Holder.invokeExact_MT(java.lang.Object, java.lang.Object, java.lang.Object, java.lang.Object, java.lang.Object, java.lang.Object)'> (0x0000000620af0930) 
thrown [s\open\src\hotspot\share\interpreter\linkResolver.cpp, line 773]
Event: 0.131 Thread 0x0000013e6c434d70 Exception <a 'java/lang/NoSuchMethodError'{0x0000000620baa1a0}: 'java.lang.Object java.lang.invoke.DirectMethodHandle$Holder.invokeStaticInit(java.lang.Object, java.lang.Object, int, int, int, int)'> (0x0000000620baa1a0) 
thrown [s\open\src\hotspot\share\interpreter\linkResolver.cpp, line 773]
Event: 0.141 Thread 0x0000013e5c1162a0 Exception <a 'java/lang/NoSuchMethodError'{0x0000000620b18b58}: 'int java.lang.invoke.DirectMethodHandle$Holder.invokeInterface(java.lang.Object, java.lang.Object)'> (0x0000000620b18b58) 
thrown [s\open\src\hotspot\share\interpreter\linkResolver.cpp, line 773]
Event: 0.141 Thread 0x0000013e5c1162a0 Exception <a 'java/lang/IncompatibleClassChangeError'{0x0000000620b1bd58}: Found class java.lang.Object, but interface was expected> (0x0000000620b1bd58) 
thrown [s\open\src\hotspot\share\interpreter\linkResolver.cpp, line 840]
Event: 0.175 Thread 0x0000013e5c1162a0 Exception <a 'java/lang/NoSuchMethodError'{0x0000000620459d20}: 'int java.lang.invoke.DirectMethodHandle$Holder.invokeSpecial(java.lang.Object, java.lang.Object, java.lang.Object)'> (0x0000000620459d20) 
thrown [s\open\src\hotspot\share\interpreter\linkResolver.cpp, line 773]
Event: 0.203 Thread 0x0000013e5c1162a0 Exception <a 'java/lang/NoSuchMethodError'{0x00000006205a0660}: 'java.lang.Object java.lang.invoke.DirectMethodHandle$Holder.invokeStaticInit(java.lang.Object, java.lang.Object, java.lang.Object)'> (0x00000006205a0660) 
thrown [s\open\src\hotspot\share\interpreter\linkResolver.cpp, line 773]

ZGC Phase Switch (0 events):
No events

VM Operations (10 events):
Event: 0.048 Executing VM operation: HandshakeAllThreads (Deoptimize)
Event: 0.048 Executing VM operation: HandshakeAllThreads (Deoptimize) done
Event: 0.099 Executing VM operation: HandshakeAllThreads (Deoptimize)
Event: 0.099 Executing VM operation: HandshakeAllThreads (Deoptimize) done
Event: 0.134 Executing VM operation: HandshakeAllThreads (Deoptimize)
Event: 0.134 Executing VM operation: HandshakeAllThreads (Deoptimize) done
Event: 0.134 Executing VM operation: HandshakeAllThreads (Deoptimize)
Event: 0.134 Executing VM operation: HandshakeAllThreads (Deoptimize) done
Event: 0.204 Executing VM operation: HandshakeAllThreads (Deoptimize)
Event: 0.204 Executing VM operation: HandshakeAllThreads (Deoptimize) done

Events (17 events):
Event: 0.017 Thread 0x0000013e6c434d70 Thread added: 0x0000013e6c434d70
Event: 0.028 Thread 0x0000013e5c10f8b0 Thread added: 0x0000013e5c10f8b0
Event: 0.028 Thread 0x0000013e5c1117e0 Thread added: 0x0000013e5c1117e0
Event: 0.029 Thread 0x0000013e5c1135b0 Thread added: 0x0000013e5c1135b0
Event: 0.029 Thread 0x0000013e5c1162a0 Thread added: 0x0000013e5c1162a0
Event: 0.029 Thread 0x0000013e5c116d00 Thread added: 0x0000013e5c116d00
Event: 0.029 Thread 0x0000013e5c117760 Thread added: 0x0000013e5c117760
Event: 0.029 Thread 0x0000013e5c122510 Thread added: 0x0000013e5c122510
Event: 0.029 Thread 0x0000013e5c12f1d0 Thread added: 0x0000013e5c12f1d0
Event: 0.044 Thread 0x0000013e5c23f0e0 Thread added: 0x0000013e5c23f0e0
Event: 0.048 Thread 0x0000013e5c12f8a0 Thread added: 0x0000013e5c12f8a0
Event: 0.076 Thread 0x0000013e5c3d1c50 Thread added: 0x0000013e5c3d1c50
Event: 0.076 Thread 0x0000013e5c3d2ad0 Thread added: 0x0000013e5c3d2ad0
Event: 0.087 Thread 0x0000013e5c12dd60 Thread added: 0x0000013e5c12dd60
Event: 0.087 Thread 0x0000013e5c130640 Thread added: 0x0000013e5c130640
Event: 0.103 Thread 0x0000013e5c130d10 Thread added: 0x0000013e5c130d10
Event: 0.104 Thread 0x0000013e5c1313e0 Thread added: 0x0000013e5c1313e0


Dynamic libraries:
0x00007ff752dd0000 - 0x00007ff752dde000 	C:\Users\Kuro\.jdks\openjdk-21.0.1\bin\java.exe
0x00007ffbaac10000 - 0x00007ffbaae08000 	C:\Windows\SYSTEM32\ntdll.dll
0x00007ffbaa050000 - 0x00007ffbaa112000 	C:\Windows\System32\KERNEL32.DLL
0x00007ffba8660000 - 0x00007ffba8956000 	C:\Windows\System32\KERNELBASE.dll
0x00007ffba8960000 - 0x00007ffba8a60000 	C:\Windows\System32\ucrtbase.dll
0x00007ffba31e0000 - 0x00007ffba31f8000 	C:\Users\Kuro\.jdks\openjdk-21.0.1\bin\jli.dll
0x00007ffba4bb0000 - 0x00007ffba4bcb000 	C:\Users\Kuro\.jdks\openjdk-21.0.1\bin\VCRUNTIME140.dll
0x00007ffbaa2d0000 - 0x00007ffbaa46d000 	C:\Windows\System32\USER32.dll
0x00007ffba82a0000 - 0x00007ffba82c2000 	C:\Windows\System32\win32u.dll
0x00007ffb8d9d0000 - 0x00007ffb8dc6a000 	C:\Windows\WinSxS\amd64_microsoft.windows.common-controls_6595b64144ccf1df_6.0.19041.5915_none_60b4b9d171f9c7c7\COMCTL32.dll
0x00007ffbaa580000 - 0x00007ffbaa5ab000 	C:\Windows\System32\GDI32.dll
0x00007ffba83e0000 - 0x00007ffba84f9000 	C:\Windows\System32\gdi32full.dll
0x00007ffbaa620000 - 0x00007ffbaa6be000 	C:\Windows\System32\msvcrt.dll
0x00007ffba8b90000 - 0x00007ffba8c2d000 	C:\Windows\System32\msvcp_win.dll
0x00007ffbaaba0000 - 0x00007ffbaabcf000 	C:\Windows\System32\IMM32.DLL
0x00007ffba32d0000 - 0x00007ffba32dc000 	C:\Users\Kuro\.jdks\openjdk-21.0.1\bin\vcruntime140_1.dll
0x00007ffb8ceb0000 - 0x00007ffb8cf3e000 	C:\Users\Kuro\.jdks\openjdk-21.0.1\bin\msvcp140.dll
0x00007ffb3ef90000 - 0x00007ffb3fca5000 	C:\Users\Kuro\.jdks\openjdk-21.0.1\bin\server\jvm.dll
0x00007ffba9960000 - 0x00007ffba9a11000 	C:\Windows\System32\ADVAPI32.dll
0x00007ffbaa470000 - 0x00007ffbaa50f000 	C:\Windows\System32\sechost.dll
0x00007ffba9e30000 - 0x00007ffba9f53000 	C:\Windows\System32\RPCRT4.dll
0x00007ffba8ab0000 - 0x00007ffba8ad7000 	C:\Windows\System32\bcrypt.dll
0x00007ffbaa5b0000 - 0x00007ffbaa61b000 	C:\Windows\System32\WS2_32.dll
0x00007ffba77a0000 - 0x00007ffba77eb000 	C:\Windows\SYSTEM32\POWRPROF.dll
0x00007ffb95610000 - 0x00007ffb95637000 	C:\Windows\SYSTEM32\WINMM.dll
0x00007ffb9e410000 - 0x00007ffb9e41a000 	C:\Windows\SYSTEM32\VERSION.dll
0x00007ffba7660000 - 0x00007ffba7672000 	C:\Windows\SYSTEM32\UMPDC.dll
0x00007ffba6aa0000 - 0x00007ffba6ab2000 	C:\Windows\SYSTEM32\kernel.appcore.dll
0x00007ffb8cea0000 - 0x00007ffb8ceaa000 	C:\Users\Kuro\.jdks\openjdk-21.0.1\bin\jimage.dll
0x00007ffba6870000 - 0x00007ffba6a71000 	C:\Windows\SYSTEM32\DBGHELP.DLL
0x00007ffb8ad90000 - 0x00007ffb8adc4000 	C:\Windows\SYSTEM32\dbgcore.DLL
0x00007ffba82d0000 - 0x00007ffba8352000 	C:\Windows\System32\bcryptPrimitives.dll
0x00007ffb8cd30000 - 0x00007ffb8cd3f000 	C:\Users\Kuro\.jdks\openjdk-21.0.1\bin\instrument.dll
0x00007ffb8b390000 - 0x00007ffb8b3af000 	C:\Users\Kuro\.jdks\openjdk-21.0.1\bin\java.dll
0x00007ffba91f0000 - 0x00007ffba995e000 	C:\Windows\System32\SHELL32.dll
0x00007ffba5ff0000 - 0x00007ffba6794000 	C:\Windows\SYSTEM32\windows.storage.dll
0x00007ffba9ad0000 - 0x00007ffba9e23000 	C:\Windows\System32\combase.dll
0x00007ffba7bf0000 - 0x00007ffba7c1b000 	C:\Windows\SYSTEM32\Wldp.dll
0x00007ffbaa9a0000 - 0x00007ffbaaa6d000 	C:\Windows\System32\OLEAUT32.dll
0x00007ffba9140000 - 0x00007ffba91ed000 	C:\Windows\System32\SHCORE.dll
0x00007ffbaa7a0000 - 0x00007ffbaa7fb000 	C:\Windows\System32\shlwapi.dll
0x00007ffba81d0000 - 0x00007ffba81f5000 	C:\Windows\SYSTEM32\profapi.dll
0x00007ffb4c770000 - 0x00007ffb4c847000 	C:\Users\Kuro\.jdks\openjdk-21.0.1\bin\jsvml.dll
0x00007ffb8b200000 - 0x00007ffb8b218000 	C:\Users\Kuro\.jdks\openjdk-21.0.1\bin\zip.dll
0x00007ffb8b380000 - 0x00007ffb8b390000 	C:\Users\Kuro\.jdks\openjdk-21.0.1\bin\net.dll
0x00007ffba2cd0000 - 0x00007ffba2dda000 	C:\Windows\SYSTEM32\WINHTTP.dll
0x00007ffba79d0000 - 0x00007ffba7a3a000 	C:\Windows\system32\mswsock.dll
0x00007ffb8b2d0000 - 0x00007ffb8b2e6000 	C:\Users\Kuro\.jdks\openjdk-21.0.1\bin\nio.dll
0x00007ffb8b170000 - 0x00007ffb8b177000 	C:\Users\Kuro\.jdks\openjdk-21.0.1\bin\extnet.dll
0x00007ffba7c30000 - 0x00007ffba7c48000 	C:\Windows\SYSTEM32\CRYPTSP.dll
0x00007ffba72a0000 - 0x00007ffba72d8000 	C:\Windows\system32\rsaenh.dll
0x00007ffba8190000 - 0x00007ffba81be000 	C:\Windows\SYSTEM32\USERENV.dll
0x00007ffba7b60000 - 0x00007ffba7b6c000 	C:\Windows\SYSTEM32\CRYPTBASE.dll
0x00007ffba7680000 - 0x00007ffba76bb000 	C:\Windows\SYSTEM32\IPHLPAPI.DLL
0x00007ffba9130000 - 0x00007ffba9138000 	C:\Windows\System32\NSI.dll
0x00007ffba76d0000 - 0x00007ffba779a000 	C:\Windows\SYSTEM32\DNSAPI.dll
0x000000006e9d0000 - 0x000000006ea05000 	C:\Program Files\Bonjour\mdnsNSP.dll
0x00007ffb9fad0000 - 0x00007ffb9fada000 	C:\Windows\System32\rasadhlp.dll
0x00007ffba0020000 - 0x00007ffba00a0000 	C:\Windows\System32\fwpuclnt.dll
0x00007ffb8b130000 - 0x00007ffb8b13a000 	C:\Users\Kuro\.jdks\openjdk-21.0.1\bin\management.dll
0x00007ffb8a7b0000 - 0x00007ffb8a7bb000 	C:\Users\Kuro\.jdks\openjdk-21.0.1\bin\management_ext.dll
0x00007ffbaa570000 - 0x00007ffbaa578000 	C:\Windows\System32\PSAPI.DLL
0x00007ffb49bb0000 - 0x00007ffb49c3d000 	C:\Users\Kuro\AppData\Local\Temp\pixelgameEngineWrapper8572774365592789776.dll
0x00007ffba5b10000 - 0x00007ffba5b3f000 	C:\Windows\SYSTEM32\dwmapi.dll
0x00007ffb8dc70000 - 0x00007ffb8de17000 	C:\Windows\WinSxS\amd64_microsoft.windows.gdiplus_6595b64144ccf1df_1.1.19041.5915_none_919facb6cc8c4195\gdiplus.dll
0x00007ffb60e00000 - 0x00007ffb60f28000 	C:\Windows\SYSTEM32\OPENGL32.dll
0x00007ffb60dd0000 - 0x00007ffb60dfc000 	C:\Windows\SYSTEM32\GLU32.dll
0x00007ffb83f20000 - 0x00007ffb83f4b000 	C:\msys64\mingw64\bin\libgcc_s_seh-1.dll
0x00007ffb40760000 - 0x00007ffb409b6000 	C:\msys64\mingw64\bin\libstdc++-6.dll
0x00007ffb8ad50000 - 0x00007ffb8ad66000 	C:\msys64\mingw64\bin\libwinpthread-1.dll
0x00007ffba5880000 - 0x00007ffba591e000 	C:\Windows\system32\uxtheme.dll
0x00007ffb6b660000 - 0x00007ffb6b793000 	C:\ProgramData\A-Volute\A-Volute.Nahimic\Modules\Scheduled\x64\AudioDevProps2.dll
0x00007ffbaaa70000 - 0x00007ffbaab9b000 	C:\Windows\System32\ole32.dll
0x00007ffbaa820000 - 0x00007ffbaa935000 	C:\Windows\System32\MSCTF.dll
0x00007ffb69dc0000 - 0x00007ffb69dd7000 	C:\Windows\system32\napinsp.dll
0x00007ffb69a60000 - 0x00007ffb69a7b000 	C:\Windows\system32\pnrpnsp.dll
0x00007ffb7e920000 - 0x00007ffb7e93d000 	C:\Windows\system32\wshbth.dll
0x00007ffba4b70000 - 0x00007ffba4b8d000 	C:\Windows\system32\NLAapi.dll
0x00007ffb69a40000 - 0x00007ffb69a52000 	C:\Windows\System32\winrnr.dll

dbghelp: loaded successfully - version: 4.0.5 - missing functions: none
symbol engine: initialized successfully - sym options: 0x614 - pdb path: .;C:\Users\Kuro\.jdks\openjdk-21.0.1\bin;C:\Windows\SYSTEM32;C:\Windows\WinSxS\amd64_microsoft.windows.common-controls_6595b64144ccf1df_6.0.19041.5915_none_60b4b9d171f9c7c7;C:\Users\Kuro\.jdks\openjdk-21.0.1\bin\server;C:\Program Files\Bonjour;C:\Users\Kuro\AppData\Local\Temp;C:\Windows\WinSxS\amd64_microsoft.windows.gdiplus_6595b64144ccf1df_1.1.19041.5915_none_919facb6cc8c4195;C:\msys64\mingw64\bin;C:\ProgramData\A-Volute\A-Volute.Nahimic\Modules\Scheduled\x64

VM Arguments:
jvm_args: -javaagent:C:\Program Files\JetBrains\IntelliJ IDEA 2021.1.3\lib\idea_rt.jar=65059 -Dfile.encoding=UTF-8 -Dsun.stdout.encoding=UTF-8 -Dsun.stderr.encoding=UTF-8 
java_command: org.kurodev.Main
java_class_path (initial): C:\Users\Kuro\IdeaProjects\JNI-Test\target\classes;C:\Users\Kuro\.m2\repository\org\projectlombok\lombok\1.18.34\lombok-1.18.34.jar
Launcher Type: SUN_STANDARD

[Global flags]
     intx CICompilerCount                          = 12                                        {product} {ergonomic}
     uint ConcGCThreads                            = 3                                         {product} {ergonomic}
     uint G1ConcRefinementThreads                  = 13                                        {product} {ergonomic}
   size_t G1HeapRegionSize                         = 4194304                                   {product} {ergonomic}
    uintx GCDrainStackTargetSize                   = 64                                        {product} {ergonomic}
   size_t InitialHeapSize                          = 536870912                                 {product} {ergonomic}
   size_t MarkStackSize                            = 4194304                                   {product} {ergonomic}
   size_t MaxHeapSize                              = 8573157376                                {product} {ergonomic}
   size_t MaxNewSize                               = 5142216704                                {product} {ergonomic}
   size_t MinHeapDeltaBytes                        = 4194304                                   {product} {ergonomic}
   size_t MinHeapSize                              = 8388608                                   {product} {ergonomic}
    uintx NonNMethodCodeHeapSize                   = 7602480                                {pd product} {ergonomic}
    uintx NonProfiledCodeHeapSize                  = 122027880                              {pd product} {ergonomic}
    uintx ProfiledCodeHeapSize                     = 122027880                              {pd product} {ergonomic}
    uintx ReservedCodeCacheSize                    = 251658240                              {pd product} {ergonomic}
     bool SegmentedCodeCache                       = true                                      {product} {ergonomic}
   size_t SoftMaxHeapSize                          = 8573157376                             {manageable} {ergonomic}
     bool UseCompressedOops                        = true                           {product lp64_product} {ergonomic}
     bool UseG1GC                                  = true                                      {product} {ergonomic}
     bool UseLargePagesIndividualAllocation        = false                                  {pd product} {ergonomic}

Logging:
Log output configuration:
 #0: stdout all=warning uptime,level,tags foldmultilines=false
 #1: stderr all=off uptime,level,tags foldmultilines=false

Environment Variables:
JAVA_HOME=C:\Users\Kuro\Java\jdk-16
PATH=C:\Windows\system32;C:\Windows;C:\Windows\System32\Wbem;C:\Windows\System32\WindowsPowerShell\v1.0\;C:\Windows\System32\OpenSSH\;C:\Program Files (x86)\NVIDIA Corporation\PhysX\Common;C:\Program Files\dotnet\;C:\Users\Kuro\AppData\Roaming\nvm;C:\Program Files\nodejs;C:\Program Files\Docker\Docker\resources\bin;C:\Program Files\Git\cmd;C:\Program Files\NVIDIA Corporation\NVIDIA app\NvDLISR;C:\Program Files\PuTTY\;C:\msys64\mingw64\bin;C:\Users\Kuro\.cargo\bin;C:\Users\Kuro\AppData\Local\Microsoft\WindowsApps;C:\Users\Kuro\Java\jdk-16\bin;C:\Users\Kuro\Java\jdk-13\bin;C:\Users\Kuro\Java\jdk-15\bin;C:\Program Files\JetBrains\IntelliJ IDEA Community Edition 2021.1.1\bin;C:\Users\Kuro\AppData\Local\Programs\Microsoft VS Code\bin;C:\Users\Kuro\Java\apache-maven-3.9.6\bin;C:\Users\Kuro\AppData\Roaming\npm;C:\Program Files\JetBrains\IntelliJ IDEA 2021.1.3\bin;C:\Program Files\JetBrains\CLion 2021.2\bin;C:\Users\Kuro\.dotnet\tools;C:\Program Files (x86)\Nmap;C:\Users\Kuro\AppData\Roaming\nvm;C:\Program Files\nodejs;C:\Users\Kuro\.bun\bin;C:\Program Files\JetBrains\JetBrains Rider 2024.3.3\bin;C:\Users\Kuro\AppData\Local\JetBrains\Toolbox\scripts;
USERNAME=Kuro
OS=Windows_NT
PROCESSOR_IDENTIFIER=AMD64 Family 23 Model 113 Stepping 0, AuthenticAMD
TMP=C:\Users\Kuro\AppData\Local\Temp
TEMP=C:\Users\Kuro\AppData\Local\Temp




Periodic native trim disabled

---------------  S Y S T E M  ---------------

OS:
 Windows 10 , 64 bit Build 19041 (10.0.19041.5915)
OS uptime: 0 days 4:52 hours
Hyper-V role detected

CPU: total 16 (initial active 16) (16 cores per cpu, 2 threads per core) family 23 model 113 stepping 0 microcode 0x0, cx8, cmov, fxsr, ht, mmx, 3dnowpref, sse, sse2, sse3, ssse3, sse4a, sse4.1, sse4.2, popcnt, lzcnt, tsc, tscinvbit, avx, avx2, aes, clmul, bmi1, bmi2, adx, sha, fma, vzeroupper, clflush, clflushopt, hv, rdtscp, rdpid, f16c
Processor Information for all 16 processors :
  Max Mhz: 3900, Current Mhz: 3900, Mhz Limit: 3900

Memory: 4k page, system-wide physical 32689M (18313M free)
TotalPageFile size 37553M (AvailPageFile size 20050M)
current process WorkingSet (physical memory assigned to process): 68M, peak: 68M
current process commit charge ("private bytes"): 629M, peak: 629M

vm_info: OpenJDK 64-Bit Server VM (21.0.1+12-29) for windows-amd64 JRE (21.0.1+12-29), built on 2023-10-05T13:27:09Z by "mach5one" with MS VC++ 17.1 (VS2022)

END.
